mode: set
optm.com/ninja-panda/integration/scenario.go:56.39,58.16 2 0
optm.com/ninja-panda/integration/scenario.go:58.16,60.3 1 0
optm.com/ninja-panda/integration/scenario.go:62.2,63.16 2 0
optm.com/ninja-panda/integration/scenario.go:63.16,65.3 1 0
optm.com/ninja-panda/integration/scenario.go:67.2,70.97 3 0
optm.com/ninja-panda/integration/scenario.go:70.97,72.3 1 0
optm.com/ninja-panda/integration/scenario.go:74.2,75.16 2 0
optm.com/ninja-panda/integration/scenario.go:75.16,77.3 1 0
optm.com/ninja-panda/integration/scenario.go:82.2,83.16 2 0
optm.com/ninja-panda/integration/scenario.go:83.16,85.3 1 0
optm.com/ninja-panda/integration/scenario.go:87.2,93.8 1 0
optm.com/ninja-panda/integration/scenario.go:96.37,97.68 1 0
optm.com/ninja-panda/integration/scenario.go:97.68,99.17 2 0
optm.com/ninja-panda/integration/scenario.go:99.17,104.4 1 0
optm.com/ninja-panda/integration/scenario.go:106.3,106.14 1 0
optm.com/ninja-panda/integration/scenario.go:109.2,109.53 1 0
optm.com/ninja-panda/integration/scenario.go:109.53,110.44 1 0
optm.com/ninja-panda/integration/scenario.go:110.44,117.18 3 0
optm.com/ninja-panda/integration/scenario.go:117.18,119.5 1 0
optm.com/ninja-panda/integration/scenario.go:123.2,123.56 1 0
optm.com/ninja-panda/integration/scenario.go:123.56,125.3 1 0
optm.com/ninja-panda/integration/scenario.go:127.2,127.12 1 0
optm.com/ninja-panda/integration/scenario.go:130.42,132.38 2 0
optm.com/ninja-panda/integration/scenario.go:132.38,134.3 1 0
optm.com/ninja-panda/integration/scenario.go:136.2,136.19 1 0
optm.com/ninja-panda/integration/scenario.go:143.75,147.63 3 0
optm.com/ninja-panda/integration/scenario.go:147.63,149.3 1 0
optm.com/ninja-panda/integration/scenario.go:151.2,152.16 2 0
optm.com/ninja-panda/integration/scenario.go:152.16,154.3 1 0
optm.com/ninja-panda/integration/scenario.go:156.2,157.16 2 0
optm.com/ninja-panda/integration/scenario.go:157.16,159.3 1 0
optm.com/ninja-panda/integration/scenario.go:161.2,163.24 2 0
optm.com/ninja-panda/integration/scenario.go:170.27,171.51 1 0
optm.com/ninja-panda/integration/scenario.go:171.51,173.17 2 0
optm.com/ninja-panda/integration/scenario.go:173.17,175.4 1 0
optm.com/ninja-panda/integration/scenario.go:177.3,177.18 1 0
optm.com/ninja-panda/integration/scenario.go:180.2,180.84 1 0
optm.com/ninja-panda/integration/scenario.go:183.60,184.51 1 0
optm.com/ninja-panda/integration/scenario.go:184.51,186.17 2 0
optm.com/ninja-panda/integration/scenario.go:186.17,188.4 1 0
optm.com/ninja-panda/integration/scenario.go:190.3,194.13 2 0
optm.com/ninja-panda/integration/scenario.go:197.2,197.79 1 0
optm.com/ninja-panda/integration/scenario.go:207.9,208.53 1 0
optm.com/ninja-panda/integration/scenario.go:208.53,209.30 1 0
optm.com/ninja-panda/integration/scenario.go:209.30,211.33 2 0
optm.com/ninja-panda/integration/scenario.go:211.33,213.5 1 0
optm.com/ninja-panda/integration/scenario.go:215.4,216.18 2 0
optm.com/ninja-panda/integration/scenario.go:216.18,218.5 1 0
optm.com/ninja-panda/integration/scenario.go:220.4,230.14 5 0
optm.com/ninja-panda/integration/scenario.go:230.14,240.19 3 0
optm.com/ninja-panda/integration/scenario.go:240.19,242.6 1 0
optm.com/ninja-panda/integration/scenario.go:244.5,245.19 2 0
optm.com/ninja-panda/integration/scenario.go:245.19,247.6 1 0
optm.com/ninja-panda/integration/scenario.go:249.5,249.54 1 0
optm.com/ninja-panda/integration/scenario.go:252.3,254.13 2 0
optm.com/ninja-panda/integration/scenario.go:257.2,257.70 1 0
optm.com/ninja-panda/integration/scenario.go:262.9,263.53 1 0
optm.com/ninja-panda/integration/scenario.go:263.53,264.44 1 0
optm.com/ninja-panda/integration/scenario.go:264.44,267.24 2 0
optm.com/ninja-panda/integration/scenario.go:267.24,272.5 2 0
optm.com/ninja-panda/integration/scenario.go:274.4,275.18 2 0
optm.com/ninja-panda/integration/scenario.go:275.18,281.5 1 0
optm.com/ninja-panda/integration/scenario.go:284.3,286.13 2 0
optm.com/ninja-panda/integration/scenario.go:289.2,289.69 1 0
optm.com/ninja-panda/integration/scenario.go:292.40,295.41 2 0
optm.com/ninja-panda/integration/scenario.go:295.41,297.3 1 0
optm.com/ninja-panda/integration/scenario.go:299.2,299.14 1 0
optm.com/ninja-panda/integration/scenario.go:302.46,305.41 2 0
optm.com/ninja-panda/integration/scenario.go:305.41,306.44 1 0
optm.com/ninja-panda/integration/scenario.go:306.44,309.24 2 0
optm.com/ninja-panda/integration/scenario.go:309.24,314.5 2 0
optm.com/ninja-panda/integration/scenario.go:316.3,316.33 1 0
optm.com/ninja-panda/integration/scenario.go:319.2,319.12 1 0
optm.com/ninja-panda/integration/scenario.go:326.9,328.16 2 0
optm.com/ninja-panda/integration/scenario.go:328.16,330.3 1 0
optm.com/ninja-panda/integration/scenario.go:332.2,332.53 1 0
optm.com/ninja-panda/integration/scenario.go:332.53,334.17 2 0
optm.com/ninja-panda/integration/scenario.go:334.17,336.4 1 0
optm.com/ninja-panda/integration/scenario.go:338.3,343.17 2 0
optm.com/ninja-panda/integration/scenario.go:343.17,345.4 1 0
optm.com/ninja-panda/integration/scenario.go:347.3,348.17 2 0
optm.com/ninja-panda/integration/scenario.go:348.17,350.4 1 0
optm.com/ninja-panda/integration/scenario.go:352.3,353.17 2 0
optm.com/ninja-panda/integration/scenario.go:353.17,355.4 1 0
optm.com/ninja-panda/integration/scenario.go:358.2,358.12 1 0
optm.com/ninja-panda/integration/scenario.go:361.67,363.43 2 0
optm.com/ninja-panda/integration/scenario.go:363.43,364.37 1 0
optm.com/ninja-panda/integration/scenario.go:364.37,366.18 2 0
optm.com/ninja-panda/integration/scenario.go:366.18,368.5 1 0
optm.com/ninja-panda/integration/scenario.go:369.4,369.35 1 0
optm.com/ninja-panda/integration/scenario.go:372.3,372.18 1 0
optm.com/ninja-panda/integration/scenario.go:375.2,375.74 1 0
optm.com/ninja-panda/integration/scenario.go:378.69,380.43 2 0
optm.com/ninja-panda/integration/scenario.go:380.43,381.37 1 0
optm.com/ninja-panda/integration/scenario.go:381.37,383.4 1 0
optm.com/ninja-panda/integration/scenario.go:385.3,385.22 1 0
optm.com/ninja-panda/integration/scenario.go:388.2,388.82 1 0
optm.com/ninja-panda/integration/scenario.go:393.23,396.26 2 0
optm.com/ninja-panda/integration/scenario.go:396.26,398.3 1 0
optm.com/ninja-panda/integration/scenario.go:400.2,400.39 1 0
optm.com/ninja-panda/integration/scenario.go:400.39,402.17 2 0
optm.com/ninja-panda/integration/scenario.go:402.17,404.4 1 0
optm.com/ninja-panda/integration/scenario.go:406.3,406.46 1 0
optm.com/ninja-panda/integration/scenario.go:409.2,409.24 1 0
optm.com/ninja-panda/integration/scenario.go:412.81,415.26 2 0
optm.com/ninja-panda/integration/scenario.go:415.26,417.3 1 0
optm.com/ninja-panda/integration/scenario.go:419.2,419.39 1 0
optm.com/ninja-panda/integration/scenario.go:419.39,421.17 2 0
optm.com/ninja-panda/integration/scenario.go:421.17,423.4 1 0
optm.com/ninja-panda/integration/scenario.go:425.3,425.34 1 0
optm.com/ninja-panda/integration/scenario.go:428.2,428.20 1 0
optm.com/ninja-panda/integration/scenario.go:431.79,435.16 3 0
optm.com/ninja-panda/integration/scenario.go:435.16,437.3 1 0
optm.com/ninja-panda/integration/scenario.go:439.2,439.33 1 0
optm.com/ninja-panda/integration/scenario.go:439.33,441.17 2 0
optm.com/ninja-panda/integration/scenario.go:441.17,443.4 1 0
optm.com/ninja-panda/integration/scenario.go:445.3,445.36 1 0
optm.com/ninja-panda/integration/scenario.go:448.2,448.22 1 0
optm.com/ninja-panda/integration/scenario.go:451.44,452.41 1 0
optm.com/ninja-panda/integration/scenario.go:452.41,453.44 1 0
optm.com/ninja-panda/integration/scenario.go:453.44,456.24 2 0
optm.com/ninja-panda/integration/scenario.go:456.24,461.5 2 0
optm.com/ninja-panda/integration/scenario.go:463.3,463.33 1 0
optm.com/ninja-panda/src/cmd/ninjapanda/ninjapanda.go:14.13,16.51 2 0
optm.com/ninja-panda/src/cmd/ninjapanda/ninjapanda.go:17.26,18.16 1 0
optm.com/ninja-panda/src/cmd/ninjapanda/ninjapanda.go:19.26,20.16 1 0
optm.com/ninja-panda/src/cmd/ninjapanda/ninjapanda.go:21.28,22.16 1 0
optm.com/ninja-panda/src/cmd/ninjapanda/ninjapanda.go:23.27,24.17 1 0
optm.com/ninja-panda/src/cmd/ninjapanda/ninjapanda.go:25.10,27.17 1 0
optm.com/ninja-panda/src/cmd/ninjapanda/ninjapanda.go:32.2,32.63 1 0
optm.com/ninja-panda/src/cmd/ninjapanda/ninjapanda.go:32.63,34.3 1 0
optm.com/ninja-panda/src/cmd/ninjapanda/ninjapanda.go:36.2,43.15 3 0
optm.com/ninja-panda/src/acls.go:65.63,66.21 1 0
optm.com/ninja-panda/src/acls.go:66.21,71.3 1 0
optm.com/ninja-panda/src/acls.go:73.2,77.12 3 0
optm.com/ninja-panda/src/acls.go:81.56,83.16 2 1
optm.com/ninja-panda/src/acls.go:83.16,85.3 1 1
optm.com/ninja-panda/src/acls.go:86.2,90.16 4 1
optm.com/ninja-panda/src/acls.go:90.16,92.3 1 0
optm.com/ninja-panda/src/acls.go:94.2,94.28 1 1
optm.com/ninja-panda/src/acls.go:95.23,97.17 2 1
optm.com/ninja-panda/src/acls.go:97.17,99.4 1 0
optm.com/ninja-panda/src/acls.go:101.10,103.17 2 1
optm.com/ninja-panda/src/acls.go:103.17,105.4 1 1
optm.com/ninja-panda/src/acls.go:108.2,108.21 1 1
optm.com/ninja-panda/src/acls.go:108.21,110.3 1 1
optm.com/ninja-panda/src/acls.go:112.2,114.28 2 1
optm.com/ninja-panda/src/acls.go:117.46,119.16 2 1
optm.com/ninja-panda/src/acls.go:119.16,121.3 1 0
optm.com/ninja-panda/src/acls.go:123.2,123.25 1 1
optm.com/ninja-panda/src/acls.go:123.25,125.3 1 1
optm.com/ninja-panda/src/acls.go:127.2,139.24 4 1
optm.com/ninja-panda/src/acls.go:139.24,140.39 1 0
optm.com/ninja-panda/src/acls.go:141.8,141.62 1 1
optm.com/ninja-panda/src/acls.go:141.62,144.3 1 1
optm.com/ninja-panda/src/acls.go:146.2,151.12 2 1
optm.com/ninja-panda/src/acls.go:158.22,162.37 3 1
optm.com/ninja-panda/src/acls.go:162.37,168.37 2 1
optm.com/ninja-panda/src/acls.go:168.37,176.12 2 0
optm.com/ninja-panda/src/acls.go:179.3,180.35 2 1
optm.com/ninja-panda/src/acls.go:180.35,192.18 3 1
optm.com/ninja-panda/src/acls.go:192.18,200.13 2 0
optm.com/ninja-panda/src/acls.go:203.4,208.28 2 1
optm.com/ninja-panda/src/acls.go:208.28,209.36 1 1
optm.com/ninja-panda/src/acls.go:209.36,211.6 1 1
optm.com/ninja-panda/src/acls.go:215.3,221.17 3 1
optm.com/ninja-panda/src/acls.go:221.17,229.12 2 0
optm.com/ninja-panda/src/acls.go:232.3,238.41 3 1
optm.com/ninja-panda/src/acls.go:238.41,251.18 3 1
optm.com/ninja-panda/src/acls.go:251.18,259.13 2 0
optm.com/ninja-panda/src/acls.go:262.4,267.22 2 1
optm.com/ninja-panda/src/acls.go:267.22,269.5 1 1
optm.com/ninja-panda/src/acls.go:272.3,273.36 2 1
optm.com/ninja-panda/src/acls.go:273.36,275.18 2 1
optm.com/ninja-panda/src/acls.go:275.19,276.5 0 0
optm.com/ninja-panda/src/acls.go:277.4,278.42 2 1
optm.com/ninja-panda/src/acls.go:278.42,280.5 1 1
optm.com/ninja-panda/src/acls.go:283.3,284.35 2 1
optm.com/ninja-panda/src/acls.go:284.35,286.4 1 1
optm.com/ninja-panda/src/acls.go:288.3,288.29 1 1
optm.com/ninja-panda/src/acls.go:288.29,293.51 2 1
optm.com/ninja-panda/src/acls.go:293.51,304.5 3 1
optm.com/ninja-panda/src/acls.go:304.10,304.60 1 0
optm.com/ninja-panda/src/acls.go:304.60,308.5 1 0
optm.com/ninja-panda/src/acls.go:308.10,308.34 1 0
optm.com/ninja-panda/src/acls.go:308.34,312.5 1 0
optm.com/ninja-panda/src/acls.go:312.10,316.5 1 0
optm.com/ninja-panda/src/acls.go:317.9,324.35 4 0
optm.com/ninja-panda/src/acls.go:324.35,327.5 2 0
optm.com/ninja-panda/src/acls.go:328.4,328.35 1 0
optm.com/ninja-panda/src/acls.go:328.35,330.37 2 0
optm.com/ninja-panda/src/acls.go:330.37,332.6 1 0
optm.com/ninja-panda/src/acls.go:334.5,339.7 1 0
optm.com/ninja-panda/src/acls.go:339.7,342.51 2 0
optm.com/ninja-panda/src/acls.go:342.51,343.52 1 0
optm.com/ninja-panda/src/acls.go:343.52,348.36 3 0
optm.com/ninja-panda/src/acls.go:348.36,350.9 1 0
optm.com/ninja-panda/src/acls.go:352.8,356.43 1 0
optm.com/ninja-panda/src/acls.go:357.13,359.8 1 0
optm.com/ninja-panda/src/acls.go:362.6,362.43 1 0
optm.com/ninja-panda/src/acls.go:368.2,373.14 2 1
optm.com/ninja-panda/src/acls.go:379.24,383.44 2 0
optm.com/ninja-panda/src/acls.go:383.44,386.3 1 0
optm.com/ninja-panda/src/acls.go:388.2,388.46 1 0
optm.com/ninja-panda/src/acls.go:388.46,391.3 1 0
optm.com/ninja-panda/src/acls.go:392.2,392.45 1 0
optm.com/ninja-panda/src/acls.go:392.45,395.3 1 0
optm.com/ninja-panda/src/acls.go:397.2,397.47 1 0
optm.com/ninja-panda/src/acls.go:397.47,406.3 1 0
optm.com/ninja-panda/src/acls.go:408.2,408.46 1 0
optm.com/ninja-panda/src/acls.go:408.46,425.3 2 0
optm.com/ninja-panda/src/acls.go:427.2,427.46 1 0
optm.com/ninja-panda/src/acls.go:427.46,444.3 2 0
optm.com/ninja-panda/src/acls.go:446.2,446.25 1 0
optm.com/ninja-panda/src/acls.go:452.24,456.51 2 0
optm.com/ninja-panda/src/acls.go:456.51,458.3 1 0
optm.com/ninja-panda/src/acls.go:461.2,461.59 1 0
optm.com/ninja-panda/src/acls.go:461.59,463.76 2 0
optm.com/ninja-panda/src/acls.go:463.76,466.4 1 0
optm.com/ninja-panda/src/acls.go:468.3,468.45 1 0
optm.com/ninja-panda/src/acls.go:471.2,471.54 1 0
optm.com/ninja-panda/src/acls.go:471.54,474.3 1 0
optm.com/ninja-panda/src/acls.go:475.2,475.54 1 0
optm.com/ninja-panda/src/acls.go:475.54,478.3 1 0
optm.com/ninja-panda/src/acls.go:481.2,498.25 3 0
optm.com/ninja-panda/src/acls.go:506.21,508.2 1 1
optm.com/ninja-panda/src/acls.go:516.33,518.57 2 1
optm.com/ninja-panda/src/acls.go:518.57,520.3 1 0
optm.com/ninja-panda/src/acls.go:522.2,529.39 2 1
optm.com/ninja-panda/src/acls.go:529.39,531.3 1 1
optm.com/ninja-panda/src/acls.go:531.8,533.3 1 1
optm.com/ninja-panda/src/acls.go:535.2,541.16 2 1
optm.com/ninja-panda/src/acls.go:541.16,543.3 1 0
optm.com/ninja-panda/src/acls.go:544.2,545.16 2 1
optm.com/ninja-panda/src/acls.go:545.16,547.3 1 0
optm.com/ninja-panda/src/acls.go:549.2,550.29 2 1
optm.com/ninja-panda/src/acls.go:550.29,551.28 1 1
optm.com/ninja-panda/src/acls.go:551.28,557.4 2 1
optm.com/ninja-panda/src/acls.go:560.2,560.19 1 1
optm.com/ninja-panda/src/acls.go:573.58,574.18 1 1
optm.com/ninja-panda/src/acls.go:575.10,576.25 1 1
optm.com/ninja-panda/src/acls.go:577.14,578.40 1 0
optm.com/ninja-panda/src/acls.go:579.26,580.40 1 0
optm.com/ninja-panda/src/acls.go:581.13,582.40 1 1
optm.com/ninja-panda/src/acls.go:583.13,584.39 1 0
optm.com/ninja-panda/src/acls.go:585.13,586.39 1 0
optm.com/ninja-panda/src/acls.go:587.13,588.40 1 1
optm.com/ninja-panda/src/acls.go:589.13,590.39 1 0
optm.com/ninja-panda/src/acls.go:591.13,592.39 1 0
optm.com/ninja-panda/src/acls.go:593.12,594.38 1 0
optm.com/ninja-panda/src/acls.go:595.14,596.41 1 0
optm.com/ninja-panda/src/acls.go:597.14,598.58 1 1
optm.com/ninja-panda/src/acls.go:599.17,600.53 1 0
optm.com/ninja-panda/src/acls.go:602.10,604.17 2 0
optm.com/ninja-panda/src/acls.go:604.17,606.4 1 0
optm.com/ninja-panda/src/acls.go:607.3,611.51 2 0
optm.com/ninja-panda/src/acls.go:625.21,627.18 2 1
optm.com/ninja-panda/src/acls.go:627.18,629.3 1 1
optm.com/ninja-panda/src/acls.go:631.2,631.42 1 1
optm.com/ninja-panda/src/acls.go:631.42,633.17 2 0
optm.com/ninja-panda/src/acls.go:633.17,635.4 1 0
optm.com/ninja-panda/src/acls.go:636.3,636.47 1 0
optm.com/ninja-panda/src/acls.go:639.2,639.40 1 1
optm.com/ninja-panda/src/acls.go:639.40,641.17 2 1
optm.com/ninja-panda/src/acls.go:641.17,643.4 1 1
optm.com/ninja-panda/src/acls.go:645.3,645.24 1 1
optm.com/ninja-panda/src/acls.go:645.24,646.40 1 1
optm.com/ninja-panda/src/acls.go:646.40,648.19 2 0
optm.com/ninja-panda/src/acls.go:648.19,650.6 1 0
optm.com/ninja-panda/src/acls.go:651.5,651.59 1 0
optm.com/ninja-panda/src/acls.go:653.10,655.32 2 1
optm.com/ninja-panda/src/acls.go:655.32,657.6 1 1
optm.com/ninja-panda/src/acls.go:661.3,661.18 1 1
optm.com/ninja-panda/src/acls.go:664.2,664.38 1 1
optm.com/ninja-panda/src/acls.go:664.38,666.36 1 1
optm.com/ninja-panda/src/acls.go:666.36,667.43 1 1
optm.com/ninja-panda/src/acls.go:667.43,669.5 1 1
optm.com/ninja-panda/src/acls.go:673.3,674.17 2 1
optm.com/ninja-panda/src/acls.go:674.17,675.37 1 1
optm.com/ninja-panda/src/acls.go:675.37,676.22 1 1
optm.com/ninja-panda/src/acls.go:676.22,682.6 1 1
optm.com/ninja-panda/src/acls.go:684.5,684.20 1 1
optm.com/ninja-panda/src/acls.go:686.4,686.19 1 0
optm.com/ninja-panda/src/acls.go:690.3,690.36 1 1
optm.com/ninja-panda/src/acls.go:690.36,692.37 2 1
optm.com/ninja-panda/src/acls.go:692.37,694.40 2 1
optm.com/ninja-panda/src/acls.go:694.40,696.6 1 1
optm.com/ninja-panda/src/acls.go:700.3,700.18 1 1
optm.com/ninja-panda/src/acls.go:704.2,712.26 3 1
optm.com/ninja-panda/src/acls.go:712.26,714.3 1 1
optm.com/ninja-panda/src/acls.go:715.2,715.18 1 1
optm.com/ninja-panda/src/acls.go:715.18,717.3 1 1
optm.com/ninja-panda/src/acls.go:720.2,720.41 1 1
optm.com/ninja-panda/src/acls.go:720.41,722.3 1 1
optm.com/ninja-panda/src/acls.go:725.2,726.16 2 1
optm.com/ninja-panda/src/acls.go:726.16,728.3 1 1
optm.com/ninja-panda/src/acls.go:731.2,732.16 2 1
optm.com/ninja-panda/src/acls.go:732.16,734.3 1 1
optm.com/ninja-panda/src/acls.go:736.2,741.17 2 0
optm.com/ninja-panda/src/acls.go:752.13,755.39 3 1
optm.com/ninja-panda/src/acls.go:755.39,758.30 3 1
optm.com/ninja-panda/src/acls.go:758.30,760.4 1 1
optm.com/ninja-panda/src/acls.go:763.2,763.32 1 1
optm.com/ninja-panda/src/acls.go:763.32,767.36 3 1
optm.com/ninja-panda/src/acls.go:767.36,768.25 1 1
optm.com/ninja-panda/src/acls.go:768.25,771.10 2 1
optm.com/ninja-panda/src/acls.go:774.3,774.34 1 1
optm.com/ninja-panda/src/acls.go:774.34,776.4 1 1
optm.com/ninja-panda/src/acls.go:777.3,777.13 1 1
optm.com/ninja-panda/src/acls.go:777.13,779.4 1 1
optm.com/ninja-panda/src/acls.go:782.2,782.12 1 1
optm.com/ninja-panda/src/acls.go:785.83,786.21 1 1
optm.com/ninja-panda/src/acls.go:786.21,790.3 1 1
optm.com/ninja-panda/src/acls.go:792.2,792.19 1 1
optm.com/ninja-panda/src/acls.go:792.19,794.3 1 1
optm.com/ninja-panda/src/acls.go:796.2,797.55 2 1
optm.com/ninja-panda/src/acls.go:797.55,799.20 2 1
optm.com/ninja-panda/src/acls.go:800.10,802.18 2 1
optm.com/ninja-panda/src/acls.go:802.18,804.5 1 1
optm.com/ninja-panda/src/acls.go:805.4,808.6 1 1
optm.com/ninja-panda/src/acls.go:810.27,812.18 2 1
optm.com/ninja-panda/src/acls.go:812.18,814.5 1 1
optm.com/ninja-panda/src/acls.go:815.4,816.18 2 1
optm.com/ninja-panda/src/acls.go:816.18,818.5 1 1
optm.com/ninja-panda/src/acls.go:819.4,822.6 1 1
optm.com/ninja-panda/src/acls.go:824.11,825.36 1 1
optm.com/ninja-panda/src/acls.go:829.2,829.20 1 1
optm.com/ninja-panda/src/acls.go:835.13,837.35 2 1
optm.com/ninja-panda/src/acls.go:837.35,838.42 1 1
optm.com/ninja-panda/src/acls.go:838.42,840.4 1 1
optm.com/ninja-panda/src/acls.go:843.2,843.12 1 1
optm.com/ninja-panda/src/acls.go:852.21,855.9 3 1
optm.com/ninja-panda/src/acls.go:855.9,861.3 1 1
optm.com/ninja-panda/src/acls.go:862.2,862.28 1 1
optm.com/ninja-panda/src/acls.go:862.28,863.41 1 1
optm.com/ninja-panda/src/acls.go:863.41,865.18 2 1
optm.com/ninja-panda/src/acls.go:865.18,867.5 1 1
optm.com/ninja-panda/src/acls.go:868.4,868.34 1 1
optm.com/ninja-panda/src/acls.go:869.9,871.4 1 1
optm.com/ninja-panda/src/acls.go:874.2,874.20 1 1
optm.com/ninja-panda/src/acls.go:882.21,884.22 2 0
optm.com/ninja-panda/src/acls.go:884.22,886.3 1 0
optm.com/ninja-panda/src/acls.go:888.2,889.25 2 0
optm.com/ninja-panda/src/acls.go:889.25,891.3 1 0
optm.com/ninja-panda/src/acls.go:893.2,893.35 1 0
optm.com/ninja-panda/src/acls.go:893.35,894.37 1 0
optm.com/ninja-panda/src/acls.go:894.37,896.4 1 0
optm.com/ninja-panda/src/acls.go:899.2,899.32 1 0
optm.com/ninja-panda/src/acls.go:908.21,911.9 3 1
optm.com/ninja-panda/src/acls.go:911.9,917.3 1 1
optm.com/ninja-panda/src/acls.go:918.2,918.34 1 1
optm.com/ninja-panda/src/acls.go:918.34,919.43 1 1
optm.com/ninja-panda/src/acls.go:919.43,921.12 2 0
optm.com/ninja-panda/src/acls.go:923.3,923.41 1 1
optm.com/ninja-panda/src/acls.go:923.41,928.4 1 0
optm.com/ninja-panda/src/acls.go:929.3,930.17 2 1
optm.com/ninja-panda/src/acls.go:930.17,936.4 1 0
optm.com/ninja-panda/src/acls.go:937.3,937.37 1 1
optm.com/ninja-panda/src/acls.go:940.2,940.23 1 1
optm.com/ninja-panda/src/acls.go:946.23,948.88 2 0
optm.com/ninja-panda/src/acls.go:948.88,950.3 1 0
optm.com/ninja-panda/src/acls.go:952.2,952.16 1 0
optm.com/ninja-panda/src/acls.go:958.23,959.55 1 0
optm.com/ninja-panda/src/acls.go:959.55,966.3 2 0
optm.com/ninja-panda/src/acls.go:968.2,968.44 1 0
optm.com/ninja-panda/src/acls.go:973.23,975.98 2 0
optm.com/ninja-panda/src/acls.go:975.98,977.3 1 0
optm.com/ninja-panda/src/acls.go:979.2,980.58 2 0
optm.com/ninja-panda/src/acls.go:980.58,982.3 1 0
optm.com/ninja-panda/src/acls.go:984.2,984.44 1 0
optm.com/ninja-panda/src/acls.go:989.9,991.98 2 0
optm.com/ninja-panda/src/acls.go:991.98,993.3 1 0
optm.com/ninja-panda/src/acls.go:995.2,995.64 1 0
optm.com/ninja-panda/src/acls.go:995.64,997.3 1 0
optm.com/ninja-panda/src/acls.go:999.2,999.33 1 0
optm.com/ninja-panda/src/acls.go:1003.51,1005.61 2 0
optm.com/ninja-panda/src/acls.go:1005.61,1007.3 1 0
optm.com/ninja-panda/src/acls.go:1009.2,1009.46 1 0
optm.com/ninja-panda/src/acls.go:1009.46,1011.3 1 0
optm.com/ninja-panda/src/acls.go:1013.2,1021.32 2 0
optm.com/ninja-panda/src/acls.go:1021.32,1023.42 1 0
optm.com/ninja-panda/src/acls.go:1023.42,1025.4 1 0
optm.com/ninja-panda/src/acls.go:1026.3,1026.30 1 0
optm.com/ninja-panda/src/acls.go:1026.30,1028.4 1 0
optm.com/ninja-panda/src/acls.go:1029.3,1029.29 1 0
optm.com/ninja-panda/src/acls.go:1029.29,1031.4 1 0
optm.com/ninja-panda/src/acls.go:1032.3,1032.33 1 0
optm.com/ninja-panda/src/acls.go:1032.33,1034.4 1 0
optm.com/ninja-panda/src/acls.go:1035.3,1035.28 1 0
optm.com/ninja-panda/src/acls.go:1035.28,1037.4 1 0
optm.com/ninja-panda/src/acls.go:1038.3,1038.29 1 0
optm.com/ninja-panda/src/acls.go:1038.29,1040.4 1 0
optm.com/ninja-panda/src/acls.go:1043.2,1043.38 1 0
optm.com/ninja-panda/src/acls.go:1050.49,1051.19 1 0
optm.com/ninja-panda/src/acls.go:1051.19,1053.3 1 0
optm.com/ninja-panda/src/acls.go:1055.2,1066.24 4 0
optm.com/ninja-panda/src/acls.go:1066.24,1067.39 1 0
optm.com/ninja-panda/src/acls.go:1070.2,1070.30 1 0
optm.com/ninja-panda/src/acls.go:1076.22,1079.29 2 0
optm.com/ninja-panda/src/acls.go:1079.29,1087.38 3 0
optm.com/ninja-panda/src/acls.go:1087.38,1089.18 2 0
optm.com/ninja-panda/src/acls.go:1089.18,1095.13 2 0
optm.com/ninja-panda/src/acls.go:1098.4,1098.45 1 0
optm.com/ninja-panda/src/acls.go:1098.45,1101.13 2 0
optm.com/ninja-panda/src/acls.go:1102.10,1108.5 1 0
optm.com/ninja-panda/src/acls.go:1110.4,1110.45 1 0
optm.com/ninja-panda/src/acls.go:1110.45,1112.61 2 0
optm.com/ninja-panda/src/acls.go:1112.61,1113.45 1 0
optm.com/ninja-panda/src/acls.go:1113.45,1116.12 2 0
optm.com/ninja-panda/src/acls.go:1119.5,1119.17 1 0
optm.com/ninja-panda/src/acls.go:1119.17,1121.6 1 0
optm.com/ninja-panda/src/acls.go:1125.3,1125.21 1 0
optm.com/ninja-panda/src/acls.go:1125.21,1136.4 3 0
optm.com/ninja-panda/src/acls.go:1139.2,1139.12 1 0
optm.com/ninja-panda/src/acls.go:1142.53,1151.37 2 0
optm.com/ninja-panda/src/acls.go:1151.37,1158.3 3 0
optm.com/ninja-panda/src/acls.go:1159.2,1159.36 1 0
optm.com/ninja-panda/src/acls.go:1159.36,1161.3 1 0
optm.com/ninja-panda/src/acls.go:1162.2,1162.40 1 0
optm.com/ninja-panda/src/acls.go:1162.40,1169.3 3 0
optm.com/ninja-panda/src/acls.go:1170.2,1170.35 1 0
optm.com/ninja-panda/src/acls.go:1170.35,1178.31 2 0
optm.com/ninja-panda/src/acls.go:1178.31,1180.4 1 0
optm.com/ninja-panda/src/acls.go:1181.3,1181.36 1 0
optm.com/ninja-panda/src/acls.go:1181.36,1183.23 2 0
optm.com/ninja-panda/src/acls.go:1183.23,1185.5 1 0
optm.com/ninja-panda/src/acls.go:1186.4,1189.5 1 0
optm.com/ninja-panda/src/acls.go:1191.3,1191.57 1 0
optm.com/ninja-panda/src/acls.go:1194.2,1194.23 1 0
optm.com/ninja-panda/src/acls_types.go:47.54,48.37 1 0
optm.com/ninja-panda/src/acls_types.go:49.14,50.42 1 0
optm.com/ninja-panda/src/acls_types.go:51.14,52.34 1 0
optm.com/ninja-panda/src/acls_types.go:53.10,54.82 1 0
optm.com/ninja-panda/src/acls_types.go:59.47,61.16 2 1
optm.com/ninja-panda/src/acls_types.go:61.16,63.3 1 0
optm.com/ninja-panda/src/acls_types.go:64.2,64.27 1 1
optm.com/ninja-panda/src/acls_types.go:70.54,71.37 1 0
optm.com/ninja-panda/src/acls_types.go:72.14,73.43 1 0
optm.com/ninja-panda/src/acls_types.go:74.14,75.35 1 0
optm.com/ninja-panda/src/acls_types.go:76.10,77.81 1 0
optm.com/ninja-panda/src/acls_types.go:82.47,84.16 2 1
optm.com/ninja-panda/src/acls_types.go:84.16,86.3 1 0
optm.com/ninja-panda/src/acls_types.go:87.2,87.27 1 1
optm.com/ninja-panda/src/acls_types.go:94.58,95.37 1 0
optm.com/ninja-panda/src/acls_types.go:96.14,97.43 1 0
optm.com/ninja-panda/src/acls_types.go:98.14,99.35 1 0
optm.com/ninja-panda/src/acls_types.go:100.10,101.85 1 0
optm.com/ninja-panda/src/acls_types.go:106.51,108.16 2 1
optm.com/ninja-panda/src/acls_types.go:108.16,114.3 1 0
optm.com/ninja-panda/src/acls_types.go:115.2,115.27 1 1
optm.com/ninja-panda/src/acls_types.go:120.59,122.9 2 0
optm.com/ninja-panda/src/acls_types.go:122.9,124.3 1 0
optm.com/ninja-panda/src/acls_types.go:125.2,126.12 2 0
optm.com/ninja-panda/src/acls_types.go:129.52,130.29 1 0
optm.com/ninja-panda/src/acls_types.go:130.29,132.3 1 0
optm.com/ninja-panda/src/acls_types.go:133.2,133.34 1 0
optm.com/ninja-panda/src/acls_types.go:147.56,148.37 1 0
optm.com/ninja-panda/src/acls_types.go:149.14,150.42 1 0
optm.com/ninja-panda/src/acls_types.go:151.14,152.34 1 0
optm.com/ninja-panda/src/acls_types.go:153.10,154.84 1 0
optm.com/ninja-panda/src/acls_types.go:158.49,160.16 2 1
optm.com/ninja-panda/src/acls_types.go:160.16,166.3 1 0
optm.com/ninja-panda/src/acls_types.go:167.2,167.27 1 1
optm.com/ninja-panda/src/acls_types.go:179.60,180.37 1 0
optm.com/ninja-panda/src/acls_types.go:181.14,182.42 1 0
optm.com/ninja-panda/src/acls_types.go:183.14,184.34 1 0
optm.com/ninja-panda/src/acls_types.go:185.10,186.88 1 0
optm.com/ninja-panda/src/acls_types.go:190.53,192.16 2 1
optm.com/ninja-panda/src/acls_types.go:192.16,198.3 1 0
optm.com/ninja-panda/src/acls_types.go:199.2,199.27 1 1
optm.com/ninja-panda/src/acls_types.go:210.61,211.37 1 0
optm.com/ninja-panda/src/acls_types.go:212.14,213.42 1 0
optm.com/ninja-panda/src/acls_types.go:214.14,215.34 1 0
optm.com/ninja-panda/src/acls_types.go:216.10,217.89 1 0
optm.com/ninja-panda/src/acls_types.go:222.54,224.16 2 1
optm.com/ninja-panda/src/acls_types.go:224.16,230.3 1 0
optm.com/ninja-panda/src/acls_types.go:231.2,231.27 1 1
optm.com/ninja-panda/src/acls_types.go:237.21,238.24 1 0
optm.com/ninja-panda/src/acls_types.go:238.24,240.3 1 0
optm.com/ninja-panda/src/acls_types.go:242.2,244.76 2 0
optm.com/ninja-panda/src/acls_types.go:244.76,246.17 2 0
optm.com/ninja-panda/src/acls_types.go:246.17,248.4 1 0
optm.com/ninja-panda/src/acls_types.go:250.3,251.56 1 0
optm.com/ninja-panda/src/acls_types.go:251.56,253.4 1 0
optm.com/ninja-panda/src/acls_types.go:256.2,256.29 1 0
optm.com/ninja-panda/src/acls_types.go:268.56,269.37 1 0
optm.com/ninja-panda/src/acls_types.go:270.14,271.42 1 0
optm.com/ninja-panda/src/acls_types.go:272.14,273.34 1 0
optm.com/ninja-panda/src/acls_types.go:274.10,275.84 1 0
optm.com/ninja-panda/src/acls_types.go:279.49,281.16 2 1
optm.com/ninja-panda/src/acls_types.go:281.16,287.3 1 0
optm.com/ninja-panda/src/acls_types.go:288.2,288.27 1 1
optm.com/ninja-panda/src/acls_types.go:292.54,297.16 4 1
optm.com/ninja-panda/src/acls_types.go:297.16,299.3 1 0
optm.com/ninja-panda/src/acls_types.go:300.2,300.47 1 1
optm.com/ninja-panda/src/acls_types.go:300.47,301.40 1 1
optm.com/ninja-panda/src/acls_types.go:301.40,303.4 1 1
optm.com/ninja-panda/src/acls_types.go:304.3,305.17 2 1
optm.com/ninja-panda/src/acls_types.go:305.17,307.4 1 1
optm.com/ninja-panda/src/acls_types.go:308.3,308.26 1 1
optm.com/ninja-panda/src/acls_types.go:310.2,312.12 2 1
optm.com/ninja-panda/src/acls_types.go:316.54,321.16 4 0
optm.com/ninja-panda/src/acls_types.go:321.16,323.3 1 0
optm.com/ninja-panda/src/acls_types.go:324.2,324.47 1 0
optm.com/ninja-panda/src/acls_types.go:324.47,326.17 2 0
optm.com/ninja-panda/src/acls_types.go:326.17,328.4 1 0
optm.com/ninja-panda/src/acls_types.go:329.3,329.26 1 0
optm.com/ninja-panda/src/acls_types.go:331.2,333.12 2 0
optm.com/ninja-panda/src/acls_types.go:337.39,338.80 1 1
optm.com/ninja-panda/src/acls_types.go:338.80,340.3 1 1
optm.com/ninja-panda/src/acls_types.go:342.2,342.14 1 1
optm.com/ninja-panda/src/api.go:34.3,37.29 2 0
optm.com/ninja-panda/src/api.go:37.29,46.17 3 0
optm.com/ninja-panda/src/api.go:46.17,53.4 5 0
optm.com/ninja-panda/src/api.go:55.3,56.17 2 0
optm.com/ninja-panda/src/api.go:56.17,60.4 3 0
optm.com/ninja-panda/src/api.go:61.3,62.17 2 0
optm.com/ninja-panda/src/api.go:62.17,66.4 3 0
optm.com/ninja-panda/src/api.go:69.2,70.49 2 0
optm.com/ninja-panda/src/api.go:70.49,76.3 4 0
optm.com/ninja-panda/src/api.go:78.2,78.14 1 0
optm.com/ninja-panda/src/api.go:110.3,114.51 3 0
optm.com/ninja-panda/src/api.go:114.51,123.17 5 0
optm.com/ninja-panda/src/api.go:123.17,128.4 1 0
optm.com/ninja-panda/src/api.go:130.3,130.9 1 0
optm.com/ninja-panda/src/api.go:136.2,141.43 3 0
optm.com/ninja-panda/src/api.go:141.43,146.17 5 0
optm.com/ninja-panda/src/api.go:146.17,151.4 1 0
optm.com/ninja-panda/src/api.go:153.3,153.9 1 0
optm.com/ninja-panda/src/api.go:156.2,159.17 2 0
optm.com/ninja-panda/src/api.go:159.17,167.17 5 0
optm.com/ninja-panda/src/api.go:167.17,172.4 1 0
optm.com/ninja-panda/src/api.go:174.3,174.9 1 0
optm.com/ninja-panda/src/api.go:177.2,180.16 4 0
optm.com/ninja-panda/src/api.go:180.16,185.3 1 0
optm.com/ninja-panda/src/api.go:191.3,202.2 5 0
optm.com/ninja-panda/src/api_key.go:38.28,40.16 2 1
optm.com/ninja-panda/src/api_key.go:40.16,42.3 1 0
optm.com/ninja-panda/src/api_key.go:44.2,45.16 2 1
optm.com/ninja-panda/src/api_key.go:45.16,47.3 1 0
optm.com/ninja-panda/src/api_key.go:50.2,53.16 3 1
optm.com/ninja-panda/src/api_key.go:53.16,55.3 1 0
optm.com/ninja-panda/src/api_key.go:57.2,65.47 3 1
optm.com/ninja-panda/src/api_key.go:65.47,67.3 1 0
optm.com/ninja-panda/src/api_key.go:69.2,69.26 1 1
optm.com/ninja-panda/src/api_key.go:73.55,75.48 2 1
optm.com/ninja-panda/src/api_key.go:75.48,77.3 1 0
optm.com/ninja-panda/src/api_key.go:79.2,79.18 1 1
optm.com/ninja-panda/src/api_key.go:83.65,85.76 2 1
optm.com/ninja-panda/src/api_key.go:85.76,87.3 1 1
optm.com/ninja-panda/src/api_key.go:89.2,89.18 1 1
optm.com/ninja-panda/src/api_key.go:93.65,95.76 2 0
optm.com/ninja-panda/src/api_key.go:95.76,97.3 1 0
optm.com/ninja-panda/src/api_key.go:99.2,99.18 1 0
optm.com/ninja-panda/src/api_key.go:104.55,105.65 1 0
optm.com/ninja-panda/src/api_key.go:105.65,107.3 1 0
optm.com/ninja-panda/src/api_key.go:109.2,109.12 1 0
optm.com/ninja-panda/src/api_key.go:113.55,114.87 1 1
optm.com/ninja-panda/src/api_key.go:114.87,116.3 1 0
optm.com/ninja-panda/src/api_key.go:118.2,118.12 1 1
optm.com/ninja-panda/src/api_key.go:123.17,125.12 2 1
optm.com/ninja-panda/src/api_key.go:125.12,127.3 1 1
optm.com/ninja-panda/src/api_key.go:129.2,130.16 2 1
optm.com/ninja-panda/src/api_key.go:130.16,132.3 1 1
optm.com/ninja-panda/src/api_key.go:134.2,134.70 1 1
optm.com/ninja-panda/src/api_key.go:134.70,136.3 1 1
optm.com/ninja-panda/src/api_key.go:138.2,138.78 1 1
optm.com/ninja-panda/src/api_key.go:138.78,140.3 1 0
optm.com/ninja-panda/src/api_key.go:142.2,142.18 1 1
optm.com/ninja-panda/src/api_key.go:145.41,151.27 2 0
optm.com/ninja-panda/src/api_key.go:151.27,154.3 2 0
optm.com/ninja-panda/src/api_key.go:156.2,156.26 1 0
optm.com/ninja-panda/src/api_key.go:156.26,158.3 1 0
optm.com/ninja-panda/src/api_key.go:160.2,160.25 1 0
optm.com/ninja-panda/src/api_key.go:160.25,163.3 2 0
optm.com/ninja-panda/src/api_key.go:165.2,165.18 1 0
optm.com/ninja-panda/src/app.go:155.54,157.20 2 0
optm.com/ninja-panda/src/app.go:158.16,166.66 2 0
optm.com/ninja-panda/src/app.go:166.66,167.19 1 0
optm.com/ninja-panda/src/app.go:167.19,169.5 1 0
optm.com/ninja-panda/src/app.go:170.9,172.4 1 0
optm.com/ninja-panda/src/app.go:174.3,174.22 1 0
optm.com/ninja-panda/src/app.go:174.22,176.4 1 0
optm.com/ninja-panda/src/app.go:178.3,178.23 1 0
optm.com/ninja-panda/src/app.go:178.23,180.4 1 0
optm.com/ninja-panda/src/app.go:181.14,182.24 1 0
optm.com/ninja-panda/src/app.go:183.10,184.37 1 0
optm.com/ninja-panda/src/app.go:187.2,189.16 3 0
optm.com/ninja-panda/src/app.go:189.16,191.3 1 0
optm.com/ninja-panda/src/app.go:193.2,206.16 4 0
optm.com/ninja-panda/src/app.go:206.16,208.3 1 0
optm.com/ninja-panda/src/app.go:210.2,213.16 3 0
optm.com/ninja-panda/src/app.go:213.16,215.3 1 0
optm.com/ninja-panda/src/app.go:218.2,219.16 2 0
optm.com/ninja-panda/src/app.go:219.16,224.3 1 0
optm.com/ninja-panda/src/app.go:226.2,226.48 1 0
optm.com/ninja-panda/src/app.go:226.48,231.3 1 0
optm.com/ninja-panda/src/app.go:233.2,233.27 1 0
optm.com/ninja-panda/src/app.go:233.27,235.17 2 0
optm.com/ninja-panda/src/app.go:235.17,236.43 1 0
optm.com/ninja-panda/src/app.go:236.43,238.5 1 0
optm.com/ninja-panda/src/app.go:238.10,240.5 1 0
optm.com/ninja-panda/src/app.go:244.2,244.59 1 0
optm.com/ninja-panda/src/app.go:244.59,247.38 2 0
optm.com/ninja-panda/src/app.go:247.38,249.4 1 0
optm.com/ninja-panda/src/app.go:250.3,250.37 1 0
optm.com/ninja-panda/src/app.go:250.37,252.4 1 0
optm.com/ninja-panda/src/app.go:255.2,255.29 1 0
optm.com/ninja-panda/src/app.go:255.29,257.17 2 0
optm.com/ninja-panda/src/app.go:257.17,259.4 1 0
optm.com/ninja-panda/src/app.go:260.3,260.40 1 0
optm.com/ninja-panda/src/app.go:263.2,265.18 2 0
optm.com/ninja-panda/src/app.go:274.42,276.2 1 0
optm.com/ninja-panda/src/app.go:278.74,281.2 2 0
optm.com/ninja-panda/src/app.go:283.59,289.21 4 0
optm.com/ninja-panda/src/app.go:289.21,292.32 2 0
optm.com/ninja-panda/src/app.go:292.32,295.4 2 0
optm.com/ninja-panda/src/app.go:299.65,305.27 4 0
optm.com/ninja-panda/src/app.go:305.27,307.17 2 0
optm.com/ninja-panda/src/app.go:307.17,309.4 1 0
optm.com/ninja-panda/src/app.go:312.2,315.21 3 0
optm.com/ninja-panda/src/app.go:315.21,319.32 3 0
optm.com/ninja-panda/src/app.go:319.32,326.4 3 0
optm.com/ninja-panda/src/app.go:330.64,332.21 2 0
optm.com/ninja-panda/src/app.go:332.21,334.17 2 0
optm.com/ninja-panda/src/app.go:334.17,339.4 1 0
optm.com/ninja-panda/src/app.go:343.67,345.16 2 1
optm.com/ninja-panda/src/app.go:345.16,349.3 2 0
optm.com/ninja-panda/src/app.go:351.2,354.39 3 1
optm.com/ninja-panda/src/app.go:354.39,356.17 2 1
optm.com/ninja-panda/src/app.go:356.17,364.4 2 0
optm.com/ninja-panda/src/app.go:366.3,366.36 1 1
optm.com/ninja-panda/src/app.go:366.36,367.31 1 1
optm.com/ninja-panda/src/app.go:367.31,368.66 1 1
optm.com/ninja-panda/src/app.go:368.66,372.43 2 0
optm.com/ninja-panda/src/app.go:372.43,374.7 1 0
optm.com/ninja-panda/src/app.go:377.5,381.9 1 1
optm.com/ninja-panda/src/app.go:381.9,391.20 4 1
optm.com/ninja-panda/src/app.go:391.20,397.7 1 0
optm.com/ninja-panda/src/app.go:403.2,403.22 1 1
optm.com/ninja-panda/src/app.go:403.22,408.3 1 1
optm.com/ninja-panda/src/app.go:410.2,410.29 1 0
optm.com/ninja-panda/src/app.go:415.34,421.16 4 0
optm.com/ninja-panda/src/app.go:421.16,425.3 2 0
optm.com/ninja-panda/src/app.go:427.2,427.39 1 0
optm.com/ninja-panda/src/app.go:427.39,429.17 2 0
optm.com/ninja-panda/src/app.go:429.17,437.4 2 0
optm.com/ninja-panda/src/app.go:439.3,439.40 1 0
optm.com/ninja-panda/src/app.go:439.40,441.37 1 0
optm.com/ninja-panda/src/app.go:441.37,455.19 4 0
optm.com/ninja-panda/src/app.go:455.19,462.6 1 0
optm.com/ninja-panda/src/app.go:462.11,468.6 1 0
optm.com/ninja-panda/src/app.go:473.2,473.22 1 0
optm.com/ninja-panda/src/app.go:473.22,478.3 1 0
optm.com/ninja-panda/src/app.go:480.2,480.38 1 0
optm.com/ninja-panda/src/app.go:487.24,504.9 6 0
optm.com/ninja-panda/src/app.go:504.9,515.3 3 0
optm.com/ninja-panda/src/app.go:517.2,518.9 2 0
optm.com/ninja-panda/src/app.go:518.9,529.3 3 0
optm.com/ninja-panda/src/app.go:531.2,533.43 2 0
optm.com/ninja-panda/src/app.go:533.43,547.3 3 0
optm.com/ninja-panda/src/app.go:549.2,550.16 2 0
optm.com/ninja-panda/src/app.go:550.16,560.3 4 0
optm.com/ninja-panda/src/app.go:562.2,562.12 1 0
optm.com/ninja-panda/src/app.go:562.12,570.3 3 0
optm.com/ninja-panda/src/app.go:572.2,573.26 2 0
optm.com/ninja-panda/src/app.go:576.84,578.55 1 0
optm.com/ninja-panda/src/app.go:578.55,586.40 4 0
optm.com/ninja-panda/src/app.go:586.40,596.51 3 0
optm.com/ninja-panda/src/app.go:596.51,608.20 5 0
optm.com/ninja-panda/src/app.go:608.20,615.7 3 0
optm.com/ninja-panda/src/app.go:617.6,617.12 1 0
optm.com/ninja-panda/src/app.go:620.5,624.19 3 0
optm.com/ninja-panda/src/app.go:624.19,635.20 6 0
optm.com/ninja-panda/src/app.go:635.20,642.7 3 0
optm.com/ninja-panda/src/app.go:644.6,644.12 1 0
optm.com/ninja-panda/src/app.go:647.5,647.15 1 0
optm.com/ninja-panda/src/app.go:647.15,656.20 5 0
optm.com/ninja-panda/src/app.go:656.20,662.7 2 0
optm.com/ninja-panda/src/app.go:664.6,664.12 1 0
optm.com/ninja-panda/src/app.go:668.4,683.63 7 0
optm.com/ninja-panda/src/app.go:689.56,691.74 1 0
optm.com/ninja-panda/src/app.go:691.74,693.3 1 0
optm.com/ninja-panda/src/app.go:695.2,695.37 1 0
optm.com/ninja-panda/src/app.go:698.75,725.32 17 0
optm.com/ninja-panda/src/app.go:725.32,729.3 3 0
optm.com/ninja-panda/src/app.go:731.2,742.15 8 0
optm.com/ninja-panda/src/app.go:745.59,747.2 1 0
optm.com/ninja-panda/src/app.go:749.58,752.42 2 0
optm.com/ninja-panda/src/app.go:752.42,754.3 1 0
optm.com/ninja-panda/src/app.go:756.2,756.40 1 0
optm.com/ninja-panda/src/app.go:756.40,758.3 1 0
optm.com/ninja-panda/src/app.go:760.2,761.21 2 0
optm.com/ninja-panda/src/app.go:761.21,762.51 1 0
optm.com/ninja-panda/src/app.go:762.51,764.4 1 0
optm.com/ninja-panda/src/app.go:767.2,767.20 1 0
optm.com/ninja-panda/src/app.go:770.70,778.28 4 0
optm.com/ninja-panda/src/app.go:779.16,781.50 2 0
optm.com/ninja-panda/src/app.go:782.14,789.17 4 0
optm.com/ninja-panda/src/app.go:789.17,794.4 1 0
optm.com/ninja-panda/src/app.go:795.3,796.17 2 0
optm.com/ninja-panda/src/app.go:796.17,798.4 1 0
optm.com/ninja-panda/src/app.go:799.3,799.50 1 0
optm.com/ninja-panda/src/app.go:800.14,802.17 2 0
optm.com/ninja-panda/src/app.go:802.17,804.4 1 0
optm.com/ninja-panda/src/app.go:806.3,813.17 2 0
optm.com/ninja-panda/src/app.go:813.17,815.4 1 0
optm.com/ninja-panda/src/app.go:816.3,816.50 1 0
optm.com/ninja-panda/src/app.go:817.10,820.76 1 0
optm.com/ninja-panda/src/app.go:823.2,832.16 2 0
optm.com/ninja-panda/src/app.go:832.16,834.3 1 0
optm.com/ninja-panda/src/app.go:836.2,852.16 6 0
optm.com/ninja-panda/src/app.go:852.16,853.54 1 0
optm.com/ninja-panda/src/app.go:853.54,855.4 1 0
optm.com/ninja-panda/src/app.go:860.37,864.69 3 0
optm.com/ninja-panda/src/app.go:864.69,869.3 2 0
optm.com/ninja-panda/src/app.go:869.8,871.3 1 0
optm.com/ninja-panda/src/app.go:873.2,878.32 3 0
optm.com/ninja-panda/src/app.go:878.32,880.34 1 0
optm.com/ninja-panda/src/app.go:880.34,882.4 1 0
optm.com/ninja-panda/src/app.go:884.3,885.20 2 0
optm.com/ninja-panda/src/app.go:888.2,888.29 1 0
optm.com/ninja-panda/src/app.go:888.29,890.16 2 0
optm.com/ninja-panda/src/app.go:890.16,890.55 1 0
optm.com/ninja-panda/src/app.go:891.3,891.61 1 0
optm.com/ninja-panda/src/app.go:894.2,895.16 2 0
optm.com/ninja-panda/src/app.go:895.16,897.3 1 0
optm.com/ninja-panda/src/app.go:898.2,898.36 1 0
optm.com/ninja-panda/src/app.go:898.36,900.3 1 0
optm.com/ninja-panda/src/app.go:902.2,903.16 2 0
optm.com/ninja-panda/src/app.go:903.16,906.3 2 0
optm.com/ninja-panda/src/app.go:908.2,924.16 8 0
optm.com/ninja-panda/src/app.go:924.16,926.3 1 0
optm.com/ninja-panda/src/app.go:928.2,929.16 2 0
optm.com/ninja-panda/src/app.go:929.16,931.3 1 0
optm.com/ninja-panda/src/app.go:934.2,934.81 1 0
optm.com/ninja-panda/src/app.go:934.81,936.3 1 0
optm.com/ninja-panda/src/app.go:938.2,940.36 1 0
optm.com/ninja-panda/src/app.go:940.36,941.16 1 0
optm.com/ninja-panda/src/app.go:942.28,943.22 1 0
optm.com/ninja-panda/src/app.go:944.13,945.46 1 0
optm.com/ninja-panda/src/app.go:951.2,959.16 2 0
optm.com/ninja-panda/src/app.go:959.16,961.3 1 0
optm.com/ninja-panda/src/app.go:965.2,966.16 2 0
optm.com/ninja-panda/src/app.go:966.16,968.3 1 0
optm.com/ninja-panda/src/app.go:971.2,979.29 4 0
optm.com/ninja-panda/src/app.go:979.29,979.72 1 0
optm.com/ninja-panda/src/app.go:985.2,986.16 2 0
optm.com/ninja-panda/src/app.go:986.16,990.3 2 0
optm.com/ninja-panda/src/app.go:996.2,998.50 3 0
optm.com/ninja-panda/src/app.go:998.50,1010.23 3 0
optm.com/ninja-panda/src/app.go:1010.23,1014.4 1 0
optm.com/ninja-panda/src/app.go:1014.9,1016.4 1 0
optm.com/ninja-panda/src/app.go:1018.3,1024.17 5 0
optm.com/ninja-panda/src/app.go:1024.17,1026.4 1 0
optm.com/ninja-panda/src/app.go:1028.3,1028.30 1 0
optm.com/ninja-panda/src/app.go:1028.30,1028.71 1 0
optm.com/ninja-panda/src/app.go:1030.3,1032.62 1 0
optm.com/ninja-panda/src/app.go:1035.2,1037.33 3 0
optm.com/ninja-panda/src/app.go:1037.33,1041.3 1 0
optm.com/ninja-panda/src/app.go:1041.8,1046.17 2 0
optm.com/ninja-panda/src/app.go:1046.17,1048.4 1 0
optm.com/ninja-panda/src/app.go:1050.3,1050.70 1 0
optm.com/ninja-panda/src/app.go:1056.2,1066.22 4 0
optm.com/ninja-panda/src/app.go:1066.22,1069.3 2 0
optm.com/ninja-panda/src/app.go:1069.8,1071.3 1 0
optm.com/ninja-panda/src/app.go:1072.2,1072.16 1 0
optm.com/ninja-panda/src/app.go:1072.16,1074.3 1 0
optm.com/ninja-panda/src/app.go:1076.2,1076.29 1 0
optm.com/ninja-panda/src/app.go:1076.29,1076.70 1 0
optm.com/ninja-panda/src/app.go:1078.2,1095.16 7 0
optm.com/ninja-panda/src/app.go:1095.16,1097.3 1 0
optm.com/ninja-panda/src/app.go:1099.2,1099.29 1 0
optm.com/ninja-panda/src/app.go:1099.29,1099.78 1 0
optm.com/ninja-panda/src/app.go:1101.2,1117.36 7 0
optm.com/ninja-panda/src/app.go:1117.36,1119.7 1 0
optm.com/ninja-panda/src/app.go:1119.7,1121.15 2 0
optm.com/ninja-panda/src/app.go:1122.24,1130.36 2 0
optm.com/ninja-panda/src/app.go:1130.36,1133.20 3 0
optm.com/ninja-panda/src/app.go:1133.20,1138.7 1 0
optm.com/ninja-panda/src/app.go:1138.12,1143.7 1 0
optm.com/ninja-panda/src/app.go:1146.5,1147.19 2 0
optm.com/ninja-panda/src/app.go:1147.19,1152.6 1 0
optm.com/ninja-panda/src/app.go:1152.11,1156.6 1 0
optm.com/ninja-panda/src/app.go:1158.5,1162.8 2 0
optm.com/ninja-panda/src/app.go:1164.12,1173.30 4 0
optm.com/ninja-panda/src/app.go:1173.30,1175.6 1 0
optm.com/ninja-panda/src/app.go:1178.5,1182.56 2 0
optm.com/ninja-panda/src/app.go:1182.56,1187.6 1 0
optm.com/ninja-panda/src/app.go:1188.5,1188.52 1 0
optm.com/ninja-panda/src/app.go:1188.52,1190.6 1 0
optm.com/ninja-panda/src/app.go:1191.5,1193.26 2 0
optm.com/ninja-panda/src/app.go:1193.26,1196.6 2 0
optm.com/ninja-panda/src/app.go:1199.5,1208.19 6 0
optm.com/ninja-panda/src/app.go:1208.19,1210.6 1 0
optm.com/ninja-panda/src/app.go:1211.5,1212.19 2 0
optm.com/ninja-panda/src/app.go:1212.19,1214.6 1 0
optm.com/ninja-panda/src/app.go:1216.5,1216.25 1 0
optm.com/ninja-panda/src/app.go:1216.25,1218.6 1 0
optm.com/ninja-panda/src/app.go:1220.5,1226.15 3 0
optm.com/ninja-panda/src/app.go:1230.2,1230.29 1 0
optm.com/ninja-panda/src/app.go:1230.29,1234.3 2 0
optm.com/ninja-panda/src/app.go:1236.2,1236.26 1 0
optm.com/ninja-panda/src/app.go:1239.61,1241.43 2 0
optm.com/ninja-panda/src/app.go:1241.43,1242.55 1 0
optm.com/ninja-panda/src/app.go:1242.55,1246.4 1 0
optm.com/ninja-panda/src/app.go:1248.3,1258.47 2 0
optm.com/ninja-panda/src/app.go:1259.31,1263.39 1 0
optm.com/ninja-panda/src/app.go:1265.28,1276.14 2 0
optm.com/ninja-panda/src/app.go:1276.14,1282.5 2 0
optm.com/ninja-panda/src/app.go:1284.4,1284.39 1 0
optm.com/ninja-panda/src/app.go:1286.11,1287.54 1 0
optm.com/ninja-panda/src/app.go:1289.8,1289.38 1 0
optm.com/ninja-panda/src/app.go:1289.38,1290.54 1 0
optm.com/ninja-panda/src/app.go:1290.54,1292.4 1 0
optm.com/ninja-panda/src/app.go:1294.3,1294.18 1 0
optm.com/ninja-panda/src/app.go:1295.8,1296.55 1 0
optm.com/ninja-panda/src/app.go:1296.55,1298.4 1 0
optm.com/ninja-panda/src/app.go:1300.3,1308.24 3 0
optm.com/ninja-panda/src/app.go:1315.3,1325.2 2 0
optm.com/ninja-panda/src/app.go:1329.32,1331.36 2 0
optm.com/ninja-panda/src/app.go:1331.36,1340.17 4 0
optm.com/ninja-panda/src/app.go:1340.17,1345.4 1 0
optm.com/ninja-panda/src/app.go:1346.3,1347.17 2 0
optm.com/ninja-panda/src/app.go:1347.17,1352.4 1 0
optm.com/ninja-panda/src/app.go:1354.3,1354.26 1 0
optm.com/ninja-panda/src/app.go:1355.8,1355.23 1 0
optm.com/ninja-panda/src/app.go:1355.23,1357.3 1 0
optm.com/ninja-panda/src/app.go:1359.2,1363.80 4 0
optm.com/ninja-panda/src/app.go:1363.80,1372.3 2 0
optm.com/ninja-panda/src/app.go:1374.2,1374.25 1 0
optm.com/ninja-panda/src/app.go:1379.32,1381.16 2 0
optm.com/ninja-panda/src/app.go:1381.16,1390.17 4 0
optm.com/ninja-panda/src/app.go:1390.17,1395.4 1 0
optm.com/ninja-panda/src/app.go:1396.3,1397.17 2 0
optm.com/ninja-panda/src/app.go:1397.17,1402.4 1 0
optm.com/ninja-panda/src/app.go:1404.3,1404.26 1 0
optm.com/ninja-panda/src/app.go:1407.2,1411.80 4 0
optm.com/ninja-panda/src/app.go:1411.80,1413.3 1 0
optm.com/ninja-panda/src/app.go:1415.2,1415.25 1 0
optm.com/ninja-panda/src/app.go:1418.88,1421.29 2 0
optm.com/ninja-panda/src/app.go:1421.29,1423.3 1 0
optm.com/ninja-panda/src/app.go:1425.2,1425.48 1 0
optm.com/ninja-panda/src/config.go:180.49,181.12 1 0
optm.com/ninja-panda/src/config.go:181.12,183.3 1 0
optm.com/ninja-panda/src/config.go:183.8,185.17 2 0
optm.com/ninja-panda/src/config.go:185.17,189.4 3 0
optm.com/ninja-panda/src/config.go:189.9,192.4 1 0
optm.com/ninja-panda/src/config.go:195.2,286.23 66 0
optm.com/ninja-panda/src/config.go:286.23,288.3 1 0
optm.com/ninja-panda/src/config.go:290.2,290.45 1 0
optm.com/ninja-panda/src/config.go:290.45,297.3 2 0
optm.com/ninja-panda/src/config.go:300.2,302.89 2 0
optm.com/ninja-panda/src/config.go:302.89,304.3 1 0
optm.com/ninja-panda/src/config.go:306.2,306.78 1 0
optm.com/ninja-panda/src/config.go:306.78,308.3 1 0
optm.com/ninja-panda/src/config.go:310.2,312.64 1 0
optm.com/ninja-panda/src/config.go:312.64,318.3 1 0
optm.com/ninja-panda/src/config.go:320.2,321.81 1 0
optm.com/ninja-panda/src/config.go:321.81,323.3 1 0
optm.com/ninja-panda/src/config.go:325.2,326.65 1 0
optm.com/ninja-panda/src/config.go:326.65,328.3 1 0
optm.com/ninja-panda/src/config.go:332.2,333.84 2 0
optm.com/ninja-panda/src/config.go:333.84,339.3 1 0
optm.com/ninja-panda/src/config.go:341.2,342.82 2 0
optm.com/ninja-panda/src/config.go:342.82,348.3 1 0
optm.com/ninja-panda/src/config.go:350.2,350.21 1 0
optm.com/ninja-panda/src/config.go:350.21,353.3 1 0
optm.com/ninja-panda/src/config.go:355.2,355.12 1 0
optm.com/ninja-panda/src/config.go:358.31,375.2 1 0
optm.com/ninja-panda/src/config.go:377.35,384.37 6 0
optm.com/ninja-panda/src/config.go:384.37,388.3 1 0
optm.com/ninja-panda/src/config.go:390.2,391.86 2 0
optm.com/ninja-panda/src/config.go:391.86,393.3 1 0
optm.com/ninja-panda/src/config.go:393.8,395.3 1 0
optm.com/ninja-panda/src/config.go:397.2,398.37 2 0
optm.com/ninja-panda/src/config.go:398.37,400.17 2 0
optm.com/ninja-panda/src/config.go:400.17,406.4 1 0
optm.com/ninja-panda/src/config.go:408.3,408.25 1 0
optm.com/ninja-panda/src/config.go:411.2,426.3 4 0
optm.com/ninja-panda/src/config.go:429.37,435.2 2 0
optm.com/ninja-panda/src/config.go:437.31,443.2 2 0
optm.com/ninja-panda/src/config.go:445.45,451.2 2 0
optm.com/ninja-panda/src/config.go:453.31,456.16 3 0
optm.com/ninja-panda/src/config.go:456.16,458.3 1 0
optm.com/ninja-panda/src/config.go:460.2,462.22 3 0
optm.com/ninja-panda/src/config.go:463.14,464.28 1 0
optm.com/ninja-panda/src/config.go:465.14,466.28 1 0
optm.com/ninja-panda/src/config.go:467.10,468.28 1 0
optm.com/ninja-panda/src/config.go:469.10,472.92 1 0
optm.com/ninja-panda/src/config.go:475.2,478.3 1 0
optm.com/ninja-panda/src/config.go:481.48,482.31 1 0
optm.com/ninja-panda/src/config.go:482.31,487.44 3 0
optm.com/ninja-panda/src/config.go:487.44,493.49 4 0
optm.com/ninja-panda/src/config.go:493.49,495.53 1 0
optm.com/ninja-panda/src/config.go:495.53,501.14 2 0
optm.com/ninja-panda/src/config.go:505.5,506.19 2 0
optm.com/ninja-panda/src/config.go:506.19,511.6 1 0
optm.com/ninja-panda/src/config.go:513.5,516.7 2 0
optm.com/ninja-panda/src/config.go:519.4,521.24 2 0
optm.com/ninja-panda/src/config.go:521.24,523.5 1 0
optm.com/ninja-panda/src/config.go:523.10,525.5 1 0
optm.com/ninja-panda/src/config.go:528.3,528.55 1 0
optm.com/ninja-panda/src/config.go:528.55,529.36 1 0
optm.com/ninja-panda/src/config.go:529.36,534.62 3 0
optm.com/ninja-panda/src/config.go:534.62,539.62 2 0
optm.com/ninja-panda/src/config.go:539.62,541.21 2 0
optm.com/ninja-panda/src/config.go:541.21,546.8 1 0
optm.com/ninja-panda/src/config.go:547.7,549.8 1 0
optm.com/ninja-panda/src/config.go:551.6,551.52 1 0
optm.com/ninja-panda/src/config.go:553.10,557.5 1 0
optm.com/ninja-panda/src/config.go:560.3,560.40 1 0
optm.com/ninja-panda/src/config.go:560.40,562.36 2 0
optm.com/ninja-panda/src/config.go:562.36,564.5 1 0
optm.com/ninja-panda/src/config.go:564.10,564.29 1 0
optm.com/ninja-panda/src/config.go:564.29,568.5 1 0
optm.com/ninja-panda/src/config.go:571.3,571.46 1 0
optm.com/ninja-panda/src/config.go:571.46,575.18 3 0
optm.com/ninja-panda/src/config.go:575.18,580.5 1 0
optm.com/ninja-panda/src/config.go:582.4,582.41 1 0
optm.com/ninja-panda/src/config.go:585.3,585.42 1 0
optm.com/ninja-panda/src/config.go:585.42,587.4 1 0
optm.com/ninja-panda/src/config.go:589.3,590.44 2 0
optm.com/ninja-panda/src/config.go:590.44,592.4 1 0
optm.com/ninja-panda/src/config.go:592.9,594.4 1 0
optm.com/ninja-panda/src/config.go:596.3,596.31 1 0
optm.com/ninja-panda/src/config.go:599.2,599.16 1 0
optm.com/ninja-panda/src/config.go:602.45,603.23 1 0
optm.com/ninja-panda/src/config.go:603.23,612.3 1 0
optm.com/ninja-panda/src/config.go:614.2,622.52 7 0
optm.com/ninja-panda/src/config.go:622.52,624.17 2 0
optm.com/ninja-panda/src/config.go:624.17,626.4 1 0
optm.com/ninja-panda/src/config.go:627.3,627.50 1 0
optm.com/ninja-panda/src/config.go:630.2,631.2 2 0
optm.com/ninja-panda/src/config.go:631.2,634.36 2 0
optm.com/ninja-panda/src/config.go:634.36,637.4 2 0
optm.com/ninja-panda/src/config.go:640.3,640.40 1 0
optm.com/ninja-panda/src/config.go:640.40,642.4 1 0
optm.com/ninja-panda/src/config.go:645.2,645.23 1 0
optm.com/ninja-panda/src/config.go:645.23,650.3 2 0
optm.com/ninja-panda/src/config.go:652.2,654.58 3 0
optm.com/ninja-panda/src/config.go:654.58,656.3 1 0
optm.com/ninja-panda/src/config.go:657.2,657.32 1 0
optm.com/ninja-panda/src/config.go:657.32,659.17 2 0
optm.com/ninja-panda/src/config.go:659.17,661.4 1 0
optm.com/ninja-panda/src/config.go:662.3,662.41 1 0
optm.com/ninja-panda/src/config.go:665.2,673.65 2 0
optm.com/ninja-panda/src/config.go:673.65,683.3 1 0
optm.com/ninja-panda/src/config.go:685.2,787.8 2 0
optm.com/ninja-panda/src/config.go:790.29,792.2 1 0
optm.com/ninja-panda/src/db.go:34.38,36.16 2 1
optm.com/ninja-panda/src/db.go:36.16,38.3 1 0
optm.com/ninja-panda/src/db.go:39.2,41.27 2 1
optm.com/ninja-panda/src/db.go:41.27,43.3 1 0
optm.com/ninja-panda/src/db.go:45.2,46.16 2 1
optm.com/ninja-panda/src/db.go:46.16,48.3 1 0
optm.com/ninja-panda/src/db.go:50.2,51.16 2 1
optm.com/ninja-panda/src/db.go:51.16,53.3 1 0
optm.com/ninja-panda/src/db.go:55.2,56.16 2 1
optm.com/ninja-panda/src/db.go:56.16,58.3 1 0
optm.com/ninja-panda/src/db.go:60.2,61.16 2 1
optm.com/ninja-panda/src/db.go:61.16,63.3 1 0
optm.com/ninja-panda/src/db.go:65.2,66.16 2 1
optm.com/ninja-panda/src/db.go:66.16,68.3 1 0
optm.com/ninja-panda/src/db.go:70.2,71.16 2 1
optm.com/ninja-panda/src/db.go:71.16,73.3 1 0
optm.com/ninja-panda/src/db.go:75.2,76.16 2 1
optm.com/ninja-panda/src/db.go:76.16,78.3 1 0
optm.com/ninja-panda/src/db.go:80.2,81.16 2 1
optm.com/ninja-panda/src/db.go:81.16,83.3 1 0
optm.com/ninja-panda/src/db.go:85.2,86.16 2 1
optm.com/ninja-panda/src/db.go:86.16,88.3 1 0
optm.com/ninja-panda/src/db.go:90.2,94.16 2 1
optm.com/ninja-panda/src/db.go:94.16,96.3 1 0
optm.com/ninja-panda/src/db.go:98.2,100.12 2 1
optm.com/ninja-panda/src/db.go:103.50,108.16 4 1
optm.com/ninja-panda/src/db.go:108.16,110.3 1 0
optm.com/ninja-panda/src/db.go:110.8,112.3 1 1
optm.com/ninja-panda/src/db.go:114.2,114.19 1 1
optm.com/ninja-panda/src/db.go:115.14,132.38 6 1
optm.com/ninja-panda/src/db.go:134.16,138.5 1 0
optm.com/ninja-panda/src/db.go:141.2,141.16 1 1
optm.com/ninja-panda/src/db.go:141.16,143.3 1 0
optm.com/ninja-panda/src/db.go:145.2,145.16 1 1
optm.com/ninja-panda/src/db.go:149.60,154.4 2 1
optm.com/ninja-panda/src/db.go:154.4,156.3 1 1
optm.com/ninja-panda/src/db.go:158.2,158.23 1 0
optm.com/ninja-panda/src/db.go:162.64,168.44 2 1
optm.com/ninja-panda/src/db.go:168.44,172.3 2 0
optm.com/ninja-panda/src/db.go:174.2,174.53 1 1
optm.com/ninja-panda/src/db.go:174.53,176.3 1 0
optm.com/ninja-panda/src/db.go:178.2,178.12 1 1
optm.com/ninja-panda/src/db.go:181.53,186.53 2 0
optm.com/ninja-panda/src/db.go:186.53,188.3 1 0
optm.com/ninja-panda/src/db.go:190.2,190.12 1 0
optm.com/ninja-panda/src/db.go:193.57,197.16 4 0
optm.com/ninja-panda/src/db.go:197.16,199.3 1 0
optm.com/ninja-panda/src/db.go:201.2,201.28 1 0
optm.com/ninja-panda/src/db.go:210.57,211.37 1 1
optm.com/ninja-panda/src/db.go:212.14,213.35 1 0
optm.com/ninja-panda/src/db.go:215.14,216.43 1 1
optm.com/ninja-panda/src/db.go:218.10,219.92 1 0
optm.com/ninja-panda/src/db.go:224.50,228.2 2 1
optm.com/ninja-panda/src/db.go:232.56,233.37 1 0
optm.com/ninja-panda/src/db.go:234.14,236.17 2 0
optm.com/ninja-panda/src/db.go:236.17,238.4 1 0
optm.com/ninja-panda/src/db.go:239.3,241.13 2 0
optm.com/ninja-panda/src/db.go:242.10,243.86 1 0
optm.com/ninja-panda/src/db.go:248.49,252.2 2 1
optm.com/ninja-panda/src/db.go:256.58,257.37 1 0
optm.com/ninja-panda/src/db.go:258.14,259.34 1 0
optm.com/ninja-panda/src/db.go:261.14,262.42 1 0
optm.com/ninja-panda/src/db.go:264.10,265.92 1 0
optm.com/ninja-panda/src/db.go:270.51,274.2 2 0
optm.com/ninja-panda/src/db.go:278.58,279.37 1 1
optm.com/ninja-panda/src/db.go:280.14,281.34 1 0
optm.com/ninja-panda/src/db.go:283.14,284.42 1 1
optm.com/ninja-panda/src/db.go:286.10,287.92 1 0
optm.com/ninja-panda/src/db.go:292.51,296.2 2 1
optm.com/ninja-panda/src/dns.go:61.47,63.25 2 1
optm.com/ninja-panda/src/dns.go:63.25,65.3 1 0
optm.com/ninja-panda/src/dns.go:67.2,67.17 1 1
optm.com/ninja-panda/src/dns.go:70.59,71.37 1 0
optm.com/ninja-panda/src/dns.go:72.14,75.34 3 0
optm.com/ninja-panda/src/dns.go:75.34,76.21 1 0
optm.com/ninja-panda/src/dns.go:76.21,77.13 1 0
optm.com/ninja-panda/src/dns.go:79.4,80.18 2 0
optm.com/ninja-panda/src/dns.go:80.18,82.5 1 0
optm.com/ninja-panda/src/dns.go:83.4,83.27 1 0
optm.com/ninja-panda/src/dns.go:86.3,86.13 1 0
optm.com/ninja-panda/src/dns.go:88.10,89.87 1 0
optm.com/ninja-panda/src/dns.go:94.52,98.2 2 1
optm.com/ninja-panda/src/dns.go:103.69,104.37 1 0
optm.com/ninja-panda/src/dns.go:105.14,106.42 1 0
optm.com/ninja-panda/src/dns.go:107.14,108.34 1 0
optm.com/ninja-panda/src/dns.go:109.10,110.97 1 0
optm.com/ninja-panda/src/dns.go:115.62,117.16 2 1
optm.com/ninja-panda/src/dns.go:117.16,123.3 1 0
optm.com/ninja-panda/src/dns.go:124.2,124.27 1 1
optm.com/ninja-panda/src/dns.go:129.23,135.53 2 0
optm.com/ninja-panda/src/dns.go:135.53,137.3 1 0
optm.com/ninja-panda/src/dns.go:139.2,139.24 1 0
optm.com/ninja-panda/src/dns.go:144.23,146.16 2 0
optm.com/ninja-panda/src/dns.go:146.16,148.3 1 0
optm.com/ninja-panda/src/dns.go:150.2,151.94 2 0
optm.com/ninja-panda/src/dns.go:151.94,152.45 1 0
optm.com/ninja-panda/src/dns.go:152.45,158.4 1 0
optm.com/ninja-panda/src/dns.go:159.3,159.27 1 0
optm.com/ninja-panda/src/dns.go:162.2,164.24 2 0
optm.com/ninja-panda/src/dns.go:187.76,189.38 2 1
optm.com/ninja-panda/src/dns.go:189.38,191.35 2 1
optm.com/ninja-panda/src/dns.go:192.26,193.47 1 1
optm.com/ninja-panda/src/dns.go:195.26,196.47 1 1
optm.com/ninja-panda/src/dns.go:198.11,199.58 1 0
optm.com/ninja-panda/src/dns.go:199.58,201.5 1 0
optm.com/ninja-panda/src/dns.go:204.3,204.54 1 1
optm.com/ninja-panda/src/dns.go:207.2,207.14 1 1
optm.com/ninja-panda/src/dns.go:217.73,218.37 1 1
optm.com/ninja-panda/src/dns.go:218.37,219.57 1 0
optm.com/ninja-panda/src/dns.go:219.57,225.36 2 0
optm.com/ninja-panda/src/dns.go:225.36,227.5 1 0
optm.com/ninja-panda/src/dns.go:229.4,229.71 1 0
optm.com/ninja-panda/src/dns.go:234.70,252.38 8 1
optm.com/ninja-panda/src/dns.go:252.38,254.3 1 1
optm.com/ninja-panda/src/dns.go:255.2,259.30 4 1
optm.com/ninja-panda/src/dns.go:259.30,261.17 2 1
optm.com/ninja-panda/src/dns.go:261.17,262.12 1 0
optm.com/ninja-panda/src/dns.go:264.3,264.30 1 1
optm.com/ninja-panda/src/dns.go:267.2,267.14 1 1
optm.com/ninja-panda/src/dns.go:270.70,275.45 4 1
optm.com/ninja-panda/src/dns.go:275.45,276.15 1 1
optm.com/ninja-panda/src/dns.go:276.15,278.4 1 1
optm.com/ninja-panda/src/dns.go:280.3,280.11 1 1
optm.com/ninja-panda/src/dns.go:287.2,288.42 2 1
optm.com/ninja-panda/src/dns.go:288.42,292.3 1 1
optm.com/ninja-panda/src/dns.go:294.2,294.69 1 1
optm.com/ninja-panda/src/dns.go:294.69,298.3 2 1
optm.com/ninja-panda/src/dns.go:300.2,301.21 2 1
optm.com/ninja-panda/src/dns.go:301.21,304.3 2 1
optm.com/ninja-panda/src/dns.go:304.8,307.33 3 1
optm.com/ninja-panda/src/dns.go:307.33,310.18 3 1
optm.com/ninja-panda/src/dns.go:310.18,311.13 1 0
optm.com/ninja-panda/src/dns.go:313.4,313.30 1 1
optm.com/ninja-panda/src/dns.go:317.2,317.14 1 1
optm.com/ninja-panda/src/dns.go:325.20,327.51 2 1
optm.com/ninja-panda/src/dns.go:327.51,340.27 4 1
optm.com/ninja-panda/src/dns.go:340.27,342.4 1 1
optm.com/ninja-panda/src/dns.go:343.3,343.52 1 1
optm.com/ninja-panda/src/dns.go:343.52,346.4 2 1
optm.com/ninja-panda/src/dns.go:347.8,349.3 1 1
optm.com/ninja-panda/src/dns.go:351.2,353.18 2 1
optm.com/ninja-panda/src/dns.go:359.20,366.16 3 0
optm.com/ninja-panda/src/dns.go:366.16,367.45 1 0
optm.com/ninja-panda/src/dns.go:367.45,370.4 1 0
optm.com/ninja-panda/src/dns.go:371.3,377.26 2 0
optm.com/ninja-panda/src/dns.go:380.2,394.38 8 0
optm.com/ninja-panda/src/dns.go:394.38,395.46 1 0
optm.com/ninja-panda/src/dns.go:395.46,399.4 1 0
optm.com/ninja-panda/src/dns.go:401.2,401.34 1 0
optm.com/ninja-panda/src/dns.go:401.34,403.3 1 0
optm.com/ninja-panda/src/dns.go:403.8,405.3 1 0
optm.com/ninja-panda/src/dns.go:407.2,408.23 2 0
optm.com/ninja-panda/src/dns.go:408.23,410.37 2 0
optm.com/ninja-panda/src/dns.go:410.37,412.4 1 0
optm.com/ninja-panda/src/dns.go:415.2,415.79 1 0
optm.com/ninja-panda/src/dns.go:415.79,420.56 2 0
optm.com/ninja-panda/src/dns.go:420.56,424.4 1 0
optm.com/ninja-panda/src/dns.go:425.3,425.49 1 0
optm.com/ninja-panda/src/dns.go:428.2,434.18 2 0
optm.com/ninja-panda/src/dns.go:437.63,439.85 2 0
optm.com/ninja-panda/src/dns.go:439.85,441.3 1 0
optm.com/ninja-panda/src/dns.go:443.2,443.64 1 0
optm.com/ninja-panda/src/dns.go:443.64,445.3 1 0
optm.com/ninja-panda/src/dns.go:447.2,447.12 1 0
optm.com/ninja-panda/src/dns.go:450.53,459.52 2 0
optm.com/ninja-panda/src/dns.go:459.52,464.24 2 0
optm.com/ninja-panda/src/dns.go:464.24,466.4 1 0
optm.com/ninja-panda/src/dns.go:467.3,470.4 1 0
optm.com/ninja-panda/src/dns.go:473.2,473.23 1 0
optm.com/ninja-panda/src/fieldmask_copy.go:16.9,18.29 2 0
optm.com/ninja-panda/src/fieldmask_copy.go:18.29,20.3 1 0
optm.com/ninja-panda/src/fieldmask_copy.go:22.2,23.34 2 0
optm.com/ninja-panda/src/fieldmask_copy.go:23.34,25.3 1 0
optm.com/ninja-panda/src/fieldmask_copy.go:26.2,27.37 2 0
optm.com/ninja-panda/src/fieldmask_copy.go:27.37,29.3 1 0
optm.com/ninja-panda/src/fieldmask_copy.go:30.2,31.37 2 0
optm.com/ninja-panda/src/fieldmask_copy.go:31.37,33.3 1 0
optm.com/ninja-panda/src/fieldmask_copy.go:34.2,34.55 1 0
optm.com/ninja-panda/src/fieldmask_copy.go:37.54,39.28 2 0
optm.com/ninja-panda/src/fieldmask_copy.go:39.28,41.3 1 0
optm.com/ninja-panda/src/fieldmask_copy.go:42.2,43.28 2 0
optm.com/ninja-panda/src/fieldmask_copy.go:43.28,45.3 1 0
optm.com/ninja-panda/src/fieldmask_copy.go:46.2,46.24 1 0
optm.com/ninja-panda/src/fieldmask_copy.go:46.24,48.3 1 0
optm.com/ninja-panda/src/fieldmask_copy.go:49.2,49.12 1 0
optm.com/ninja-panda/src/fieldmask_copy.go:56.9,57.51 1 0
optm.com/ninja-panda/src/fieldmask_copy.go:57.51,59.3 1 0
optm.com/ninja-panda/src/fieldmask_copy.go:61.2,61.20 1 0
optm.com/ninja-panda/src/fieldmask_copy.go:62.22,63.78 1 0
optm.com/ninja-panda/src/fieldmask_copy.go:63.78,66.4 2 0
optm.com/ninja-panda/src/fieldmask_copy.go:68.3,68.32 1 0
optm.com/ninja-panda/src/fieldmask_copy.go:68.32,69.19 1 0
optm.com/ninja-panda/src/fieldmask_copy.go:69.19,71.5 1 0
optm.com/ninja-panda/src/fieldmask_copy.go:72.4,73.12 2 0
optm.com/ninja-panda/src/fieldmask_copy.go:76.3,76.39 1 0
optm.com/ninja-panda/src/fieldmask_copy.go:76.39,82.11 5 0
optm.com/ninja-panda/src/fieldmask_copy.go:82.11,83.13 1 0
optm.com/ninja-panda/src/fieldmask_copy.go:86.4,87.32 2 0
optm.com/ninja-panda/src/fieldmask_copy.go:87.32,88.13 1 0
optm.com/ninja-panda/src/fieldmask_copy.go:91.4,92.26 2 0
optm.com/ninja-panda/src/fieldmask_copy.go:92.26,97.5 1 0
optm.com/ninja-panda/src/fieldmask_copy.go:99.4,99.87 1 0
optm.com/ninja-panda/src/fieldmask_copy.go:99.87,101.5 1 0
optm.com/ninja-panda/src/fieldmask_copy.go:104.19,105.18 1 0
optm.com/ninja-panda/src/fieldmask_copy.go:105.18,107.9 2 0
optm.com/ninja-panda/src/fieldmask_copy.go:109.3,109.47 1 0
optm.com/ninja-panda/src/fieldmask_copy.go:109.47,111.4 1 0
optm.com/ninja-panda/src/fieldmask_copy.go:113.3,113.53 1 0
optm.com/ninja-panda/src/fieldmask_copy.go:113.53,115.11 2 0
optm.com/ninja-panda/src/fieldmask_copy.go:115.11,121.5 1 0
optm.com/ninja-panda/src/fieldmask_copy.go:123.4,124.18 2 0
optm.com/ninja-panda/src/fieldmask_copy.go:124.18,126.5 1 0
optm.com/ninja-panda/src/fieldmask_copy.go:127.4,129.33 2 0
optm.com/ninja-panda/src/fieldmask_copy.go:129.33,131.5 1 0
optm.com/ninja-panda/src/fieldmask_copy.go:132.4,133.18 2 0
optm.com/ninja-panda/src/fieldmask_copy.go:133.18,135.5 1 0
optm.com/ninja-panda/src/fieldmask_copy.go:136.4,138.94 2 0
optm.com/ninja-panda/src/fieldmask_copy.go:138.94,140.5 1 0
optm.com/ninja-panda/src/fieldmask_copy.go:142.4,143.91 2 0
optm.com/ninja-panda/src/fieldmask_copy.go:143.91,145.5 1 0
optm.com/ninja-panda/src/fieldmask_copy.go:147.4,148.9 2 0
optm.com/ninja-panda/src/fieldmask_copy.go:151.3,152.32 2 0
optm.com/ninja-panda/src/fieldmask_copy.go:152.32,154.4 1 0
optm.com/ninja-panda/src/fieldmask_copy.go:156.3,156.81 1 0
optm.com/ninja-panda/src/fieldmask_copy.go:156.81,158.4 1 0
optm.com/ninja-panda/src/fieldmask_copy.go:160.25,161.18 1 0
optm.com/ninja-panda/src/fieldmask_copy.go:161.18,163.9 2 0
optm.com/ninja-panda/src/fieldmask_copy.go:165.3,165.18 1 0
optm.com/ninja-panda/src/fieldmask_copy.go:165.18,166.40 1 0
optm.com/ninja-panda/src/fieldmask_copy.go:166.40,171.5 1 0
optm.com/ninja-panda/src/fieldmask_copy.go:172.4,172.50 1 0
optm.com/ninja-panda/src/fieldmask_copy.go:175.3,176.81 2 0
optm.com/ninja-panda/src/fieldmask_copy.go:176.81,178.4 1 0
optm.com/ninja-panda/src/fieldmask_copy.go:180.21,181.18 1 0
optm.com/ninja-panda/src/fieldmask_copy.go:181.18,183.9 2 0
optm.com/ninja-panda/src/fieldmask_copy.go:186.3,189.31 3 0
optm.com/ninja-panda/src/fieldmask_copy.go:189.31,192.18 3 0
optm.com/ninja-panda/src/fieldmask_copy.go:192.18,194.5 1 0
optm.com/ninja-panda/src/fieldmask_copy.go:194.10,196.5 1 0
optm.com/ninja-panda/src/fieldmask_copy.go:198.4,198.82 1 0
optm.com/ninja-panda/src/fieldmask_copy.go:198.82,200.5 1 0
optm.com/ninja-panda/src/fieldmask_copy.go:202.4,202.19 1 0
optm.com/ninja-panda/src/fieldmask_copy.go:202.19,204.5 1 0
optm.com/ninja-panda/src/fieldmask_copy.go:206.3,206.22 1 0
optm.com/ninja-panda/src/fieldmask_copy.go:206.22,208.4 1 0
optm.com/ninja-panda/src/fieldmask_copy.go:210.21,213.22 3 0
optm.com/ninja-panda/src/fieldmask_copy.go:213.22,219.4 1 0
optm.com/ninja-panda/src/fieldmask_copy.go:220.3,220.31 1 0
optm.com/ninja-panda/src/fieldmask_copy.go:220.31,223.82 3 0
optm.com/ninja-panda/src/fieldmask_copy.go:223.82,225.5 1 0
optm.com/ninja-panda/src/fieldmask_copy.go:228.10,229.20 1 0
optm.com/ninja-panda/src/fieldmask_copy.go:229.20,231.4 1 0
optm.com/ninja-panda/src/fieldmask_copy.go:232.3,232.32 1 0
optm.com/ninja-panda/src/fieldmask_copy.go:232.32,233.22 1 0
optm.com/ninja-panda/src/fieldmask_copy.go:233.22,235.5 1 0
optm.com/ninja-panda/src/fieldmask_copy.go:236.4,236.23 1 0
optm.com/ninja-panda/src/fieldmask_copy.go:237.9,239.4 1 0
optm.com/ninja-panda/src/fieldmask_copy.go:242.2,242.12 1 0
optm.com/ninja-panda/src/fieldmask_copy.go:266.31,267.26 1 0
optm.com/ninja-panda/src/fieldmask_copy.go:267.26,269.3 1 0
optm.com/ninja-panda/src/fieldmask_copy.go:272.34,273.26 1 0
optm.com/ninja-panda/src/fieldmask_copy.go:273.26,275.3 1 0
optm.com/ninja-panda/src/fieldmask_copy.go:278.62,279.26 1 0
optm.com/ninja-panda/src/fieldmask_copy.go:279.26,281.3 1 0
optm.com/ninja-panda/src/fieldmask_copy.go:284.48,285.26 1 0
optm.com/ninja-panda/src/fieldmask_copy.go:285.26,287.3 1 0
optm.com/ninja-panda/src/fieldmask_copy.go:290.35,291.61 1 0
optm.com/ninja-panda/src/fieldmask_copy.go:291.61,291.81 1 0
optm.com/ninja-panda/src/fieldmask_copy.go:294.58,295.15 1 0
optm.com/ninja-panda/src/fieldmask_copy.go:295.15,297.3 1 0
optm.com/ninja-panda/src/fieldmask_copy.go:298.2,299.9 2 0
optm.com/ninja-panda/src/fieldmask_copy.go:299.9,301.3 1 0
optm.com/ninja-panda/src/fieldmask_copy.go:302.2,303.22 2 0
optm.com/ninja-panda/src/fieldmask_copy.go:303.22,305.3 1 0
optm.com/ninja-panda/src/fieldmask_copy.go:306.2,306.34 1 0
optm.com/ninja-panda/src/fieldmask_copy.go:314.9,316.29 2 0
optm.com/ninja-panda/src/fieldmask_copy.go:316.29,318.3 1 0
optm.com/ninja-panda/src/fieldmask_copy.go:319.2,320.12 2 0
optm.com/ninja-panda/src/fieldmask_copy.go:327.26,328.20 1 0
optm.com/ninja-panda/src/fieldmask_copy.go:329.22,330.32 1 0
optm.com/ninja-panda/src/fieldmask_copy.go:330.32,335.4 1 0
optm.com/ninja-panda/src/fieldmask_copy.go:336.3,337.39 2 0
optm.com/ninja-panda/src/fieldmask_copy.go:337.39,339.37 2 0
optm.com/ninja-panda/src/fieldmask_copy.go:339.37,340.13 1 0
optm.com/ninja-panda/src/fieldmask_copy.go:343.4,344.11 2 0
optm.com/ninja-panda/src/fieldmask_copy.go:344.11,345.13 1 0
optm.com/ninja-panda/src/fieldmask_copy.go:347.4,350.27 4 0
optm.com/ninja-panda/src/fieldmask_copy.go:350.27,351.27 1 0
optm.com/ninja-panda/src/fieldmask_copy.go:351.27,353.6 1 0
optm.com/ninja-panda/src/fieldmask_copy.go:353.11,356.14 3 0
optm.com/ninja-panda/src/fieldmask_copy.go:359.4,359.37 1 0
optm.com/ninja-panda/src/fieldmask_copy.go:359.37,368.33 2 0
optm.com/ninja-panda/src/fieldmask_copy.go:368.33,370.6 1 0
optm.com/ninja-panda/src/fieldmask_copy.go:371.5,371.26 1 0
optm.com/ninja-panda/src/fieldmask_copy.go:371.26,372.34 1 0
optm.com/ninja-panda/src/fieldmask_copy.go:372.34,374.7 1 0
optm.com/ninja-panda/src/fieldmask_copy.go:375.6,375.14 1 0
optm.com/ninja-panda/src/fieldmask_copy.go:378.4,378.36 1 0
optm.com/ninja-panda/src/fieldmask_copy.go:378.36,380.13 2 0
optm.com/ninja-panda/src/fieldmask_copy.go:382.4,383.91 2 0
optm.com/ninja-panda/src/fieldmask_copy.go:383.91,385.5 1 0
optm.com/ninja-panda/src/fieldmask_copy.go:386.4,386.55 1 0
optm.com/ninja-panda/src/fieldmask_copy.go:389.19,390.18 1 0
optm.com/ninja-panda/src/fieldmask_copy.go:390.18,392.9 2 0
optm.com/ninja-panda/src/fieldmask_copy.go:394.3,395.82 2 0
optm.com/ninja-panda/src/fieldmask_copy.go:395.82,397.4 1 0
optm.com/ninja-panda/src/fieldmask_copy.go:399.25,400.18 1 0
optm.com/ninja-panda/src/fieldmask_copy.go:400.18,402.9 2 0
optm.com/ninja-panda/src/fieldmask_copy.go:405.3,406.82 2 0
optm.com/ninja-panda/src/fieldmask_copy.go:406.82,408.4 1 0
optm.com/ninja-panda/src/fieldmask_copy.go:410.36,411.82 1 0
optm.com/ninja-panda/src/fieldmask_copy.go:411.82,416.4 1 0
optm.com/ninja-panda/src/fieldmask_copy.go:417.3,420.28 4 0
optm.com/ninja-panda/src/fieldmask_copy.go:420.28,421.33 1 0
optm.com/ninja-panda/src/fieldmask_copy.go:421.33,423.5 1 0
optm.com/ninja-panda/src/fieldmask_copy.go:423.10,425.5 1 0
optm.com/ninja-panda/src/fieldmask_copy.go:426.9,427.35 1 0
optm.com/ninja-panda/src/fieldmask_copy.go:427.35,429.36 2 0
optm.com/ninja-panda/src/fieldmask_copy.go:429.36,431.6 1 0
optm.com/ninja-panda/src/fieldmask_copy.go:432.5,432.19 1 0
optm.com/ninja-panda/src/fieldmask_copy.go:434.4,435.39 2 0
optm.com/ninja-panda/src/fieldmask_copy.go:435.39,438.22 3 0
optm.com/ninja-panda/src/fieldmask_copy.go:438.22,441.6 2 0
optm.com/ninja-panda/src/fieldmask_copy.go:441.11,443.6 1 0
optm.com/ninja-panda/src/fieldmask_copy.go:444.5,444.89 1 0
optm.com/ninja-panda/src/fieldmask_copy.go:444.89,446.6 1 0
optm.com/ninja-panda/src/fieldmask_copy.go:447.5,447.20 1 0
optm.com/ninja-panda/src/fieldmask_copy.go:447.20,449.6 1 0
optm.com/ninja-panda/src/fieldmask_copy.go:451.4,451.33 1 0
optm.com/ninja-panda/src/fieldmask_copy.go:451.33,453.5 1 0
optm.com/ninja-panda/src/fieldmask_copy.go:456.23,457.32 1 0
optm.com/ninja-panda/src/fieldmask_copy.go:459.10,460.15 1 0
optm.com/ninja-panda/src/fieldmask_copy.go:462.2,462.17 1 0
optm.com/ninja-panda/src/fieldmask_copy.go:465.46,466.63 1 0
optm.com/ninja-panda/src/fieldmask_copy.go:466.63,468.3 1 0
optm.com/ninja-panda/src/fieldmask_copy.go:469.2,469.10 1 0
optm.com/ninja-panda/src/fieldmask_copy.go:472.42,479.2 1 0
optm.com/ninja-panda/src/fieldmask_copy.go:481.45,482.18 1 0
optm.com/ninja-panda/src/fieldmask_copy.go:483.22,484.67 1 0
optm.com/ninja-panda/src/fieldmask_copy.go:486.36,487.77 1 0
optm.com/ninja-panda/src/fieldmask_copy.go:489.19,490.28 1 0
optm.com/ninja-panda/src/fieldmask_copy.go:492.10,493.31 1 0
optm.com/ninja-panda/src/fieldmask_copy.go:497.45,499.2 1 0
optm.com/ninja-panda/src/fieldmask_mask.go:24.66,27.2 2 0
optm.com/ninja-panda/src/fieldmask_mask.go:29.66,31.2 1 0
optm.com/ninja-panda/src/fieldmask_mask.go:35.60,36.17 1 0
optm.com/ninja-panda/src/fieldmask_mask.go:36.17,38.3 1 0
optm.com/ninja-panda/src/fieldmask_mask.go:39.2,40.9 2 0
optm.com/ninja-panda/src/fieldmask_mask.go:40.9,42.3 1 0
optm.com/ninja-panda/src/fieldmask_mask.go:43.2,43.22 1 0
optm.com/ninja-panda/src/fieldmask_mask.go:46.30,48.2 1 0
optm.com/ninja-panda/src/fieldmask_mask.go:50.60,51.17 1 0
optm.com/ninja-panda/src/fieldmask_mask.go:51.17,53.3 1 0
optm.com/ninja-panda/src/fieldmask_mask.go:54.2,55.37 2 0
optm.com/ninja-panda/src/fieldmask_mask.go:55.37,58.50 3 0
optm.com/ninja-panda/src/fieldmask_mask.go:58.50,60.4 1 0
optm.com/ninja-panda/src/fieldmask_mask.go:60.9,62.4 1 0
optm.com/ninja-panda/src/fieldmask_mask.go:63.3,63.16 1 0
optm.com/ninja-panda/src/fieldmask_mask.go:63.16,65.4 1 0
optm.com/ninja-panda/src/fieldmask_mask.go:66.3,66.29 1 0
optm.com/ninja-panda/src/fieldmask_mask.go:68.2,68.34 1 0
optm.com/ninja-panda/src/fieldmask_mask.go:71.31,73.2 1 0
optm.com/ninja-panda/src/fieldmask_mask.go:77.73,80.2 2 0
optm.com/ninja-panda/src/fieldmask_mask.go:82.73,84.2 1 0
optm.com/ninja-panda/src/fieldmask_mask.go:86.67,88.9 2 0
optm.com/ninja-panda/src/fieldmask_mask.go:88.9,90.3 1 0
optm.com/ninja-panda/src/fieldmask_mask.go:91.2,91.22 1 0
optm.com/ninja-panda/src/fieldmask_mask.go:91.22,93.3 1 0
optm.com/ninja-panda/src/fieldmask_mask.go:94.2,94.40 1 0
optm.com/ninja-panda/src/fieldmask_mask.go:97.37,99.2 1 0
optm.com/ninja-panda/src/fieldmask_mask.go:101.38,103.2 1 0
optm.com/ninja-panda/src/fieldmask_mask.go:108.17,110.2 1 0
optm.com/ninja-panda/src/fieldmask_mask.go:115.24,117.2 1 0
optm.com/ninja-panda/src/fieldmask_mask.go:119.78,120.79 1 0
optm.com/ninja-panda/src/fieldmask_mask.go:120.79,122.3 1 0
optm.com/ninja-panda/src/fieldmask_mask.go:123.2,123.17 1 0
optm.com/ninja-panda/src/fieldmask_mask.go:123.17,125.3 1 0
optm.com/ninja-panda/src/fieldmask_mask.go:126.2,126.17 1 0
optm.com/ninja-panda/src/fieldmask_mask.go:132.24,133.79 1 0
optm.com/ninja-panda/src/fieldmask_mask.go:133.79,135.3 1 0
optm.com/ninja-panda/src/fieldmask_mask.go:136.2,136.17 1 0
optm.com/ninja-panda/src/fieldmask_mask.go:136.17,138.3 1 0
optm.com/ninja-panda/src/fieldmask_mask.go:139.2,139.17 1 0
optm.com/ninja-panda/src/fieldmask_mask.go:146.33,148.29 2 0
optm.com/ninja-panda/src/fieldmask_mask.go:148.29,150.54 2 0
optm.com/ninja-panda/src/fieldmask_mask.go:150.54,151.23 1 0
optm.com/ninja-panda/src/fieldmask_mask.go:151.23,156.5 1 0
optm.com/ninja-panda/src/fieldmask_mask.go:157.4,159.11 3 0
optm.com/ninja-panda/src/fieldmask_mask.go:159.11,162.5 2 0
optm.com/ninja-panda/src/fieldmask_mask.go:163.4,163.18 1 0
optm.com/ninja-panda/src/fieldmask_mask.go:166.2,166.18 1 0
optm.com/ninja-panda/src/fieldmask_mask.go:169.36,170.62 1 0
optm.com/ninja-panda/src/fieldmask_mask.go:170.62,172.3 1 0
optm.com/ninja-panda/src/fieldmask_mask.go:175.50,176.62 1 0
optm.com/ninja-panda/src/fieldmask_mask.go:176.62,178.3 1 0
optm.com/ninja-panda/src/fieldmask_mask.go:184.24,188.28 4 0
optm.com/ninja-panda/src/fieldmask_mask.go:188.28,190.15 2 0
optm.com/ninja-panda/src/fieldmask_mask.go:191.24,191.24 0 0
optm.com/ninja-panda/src/fieldmask_mask.go:194.12,195.27 1 0
optm.com/ninja-panda/src/fieldmask_mask.go:195.27,198.5 2 0
optm.com/ninja-panda/src/fieldmask_mask.go:200.12,201.27 1 0
optm.com/ninja-panda/src/fieldmask_mask.go:201.27,207.6 1 0
optm.com/ninja-panda/src/fieldmask_mask.go:209.4,213.18 5 0
optm.com/ninja-panda/src/fieldmask_mask.go:215.12,216.27 1 0
optm.com/ninja-panda/src/fieldmask_mask.go:216.27,219.5 2 0
optm.com/ninja-panda/src/fieldmask_mask.go:220.4,221.32 2 0
optm.com/ninja-panda/src/fieldmask_mask.go:223.11,224.39 1 0
optm.com/ninja-panda/src/fieldmask_mask.go:227.2,227.25 1 0
optm.com/ninja-panda/src/fieldmask_mask.go:227.25,229.3 1 0
optm.com/ninja-panda/src/fieldmask_mask.go:230.2,230.13 1 0
optm.com/ninja-panda/src/grpcv1.go:37.74,41.2 1 0
optm.com/ninja-panda/src/grpcv1.go:46.33,55.2 5 0
optm.com/ninja-panda/src/grpcv1.go:60.33,72.2 7 0
optm.com/ninja-panda/src/grpcv1.go:77.36,82.16 4 0
optm.com/ninja-panda/src/grpcv1.go:82.16,87.3 3 0
optm.com/ninja-panda/src/grpcv1.go:89.2,93.9 2 0
optm.com/ninja-panda/src/grpcv1.go:99.37,104.16 4 0
optm.com/ninja-panda/src/grpcv1.go:104.16,109.3 3 0
optm.com/ninja-panda/src/grpcv1.go:111.2,113.70 2 0
optm.com/ninja-panda/src/grpcv1.go:119.40,124.16 4 0
optm.com/ninja-panda/src/grpcv1.go:124.16,129.3 3 0
optm.com/ninja-panda/src/grpcv1.go:131.2,135.21 4 0
optm.com/ninja-panda/src/grpcv1.go:135.21,138.17 3 0
optm.com/ninja-panda/src/grpcv1.go:138.17,143.4 3 0
optm.com/ninja-panda/src/grpcv1.go:144.3,144.59 1 0
optm.com/ninja-panda/src/grpcv1.go:147.2,152.73 4 0
optm.com/ninja-panda/src/grpcv1.go:158.40,164.16 4 0
optm.com/ninja-panda/src/grpcv1.go:164.16,165.34 1 0
optm.com/ninja-panda/src/grpcv1.go:165.34,168.18 3 0
optm.com/ninja-panda/src/grpcv1.go:168.18,173.5 3 0
optm.com/ninja-panda/src/grpcv1.go:174.9,179.4 3 0
optm.com/ninja-panda/src/grpcv1.go:182.2,186.21 4 0
optm.com/ninja-panda/src/grpcv1.go:186.21,189.17 3 0
optm.com/ninja-panda/src/grpcv1.go:189.17,194.4 3 0
optm.com/ninja-panda/src/grpcv1.go:195.3,195.59 1 0
optm.com/ninja-panda/src/grpcv1.go:198.2,203.73 4 0
optm.com/ninja-panda/src/grpcv1.go:209.39,215.16 4 0
optm.com/ninja-panda/src/grpcv1.go:215.16,220.3 3 0
optm.com/ninja-panda/src/grpcv1.go:222.2,229.21 3 0
optm.com/ninja-panda/src/grpcv1.go:229.21,232.17 3 0
optm.com/ninja-panda/src/grpcv1.go:232.17,237.4 3 0
optm.com/ninja-panda/src/grpcv1.go:238.3,238.65 1 0
optm.com/ninja-panda/src/grpcv1.go:241.2,241.74 1 0
optm.com/ninja-panda/src/grpcv1.go:241.74,243.3 1 0
optm.com/ninja-panda/src/grpcv1.go:245.2,251.8 3 0
optm.com/ninja-panda/src/grpcv1.go:257.40,262.16 4 0
optm.com/ninja-panda/src/grpcv1.go:262.16,267.3 3 0
optm.com/ninja-panda/src/grpcv1.go:269.2,271.16 3 0
optm.com/ninja-panda/src/grpcv1.go:271.16,276.3 3 0
optm.com/ninja-panda/src/grpcv1.go:278.2,280.73 2 0
optm.com/ninja-panda/src/grpcv1.go:286.40,291.16 4 0
optm.com/ninja-panda/src/grpcv1.go:291.16,296.3 3 0
optm.com/ninja-panda/src/grpcv1.go:298.2,300.43 2 0
optm.com/ninja-panda/src/grpcv1.go:306.39,311.16 4 0
optm.com/ninja-panda/src/grpcv1.go:311.16,316.3 3 0
optm.com/ninja-panda/src/grpcv1.go:318.2,319.43 2 0
optm.com/ninja-panda/src/grpcv1.go:319.43,321.3 1 0
optm.com/ninja-panda/src/grpcv1.go:323.2,325.62 2 0
optm.com/ninja-panda/src/grpcv1.go:331.41,336.38 4 0
optm.com/ninja-panda/src/grpcv1.go:336.38,339.3 2 0
optm.com/ninja-panda/src/grpcv1.go:341.2,341.38 1 0
optm.com/ninja-panda/src/grpcv1.go:341.38,343.17 2 0
optm.com/ninja-panda/src/grpcv1.go:343.17,350.4 3 0
optm.com/ninja-panda/src/grpcv1.go:353.2,362.16 3 0
optm.com/ninja-panda/src/grpcv1.go:362.16,367.3 3 0
optm.com/ninja-panda/src/grpcv1.go:369.2,371.80 2 0
optm.com/ninja-panda/src/grpcv1.go:377.41,386.16 5 0
optm.com/ninja-panda/src/grpcv1.go:386.16,398.3 4 0
optm.com/ninja-panda/src/grpcv1.go:400.2,401.16 2 0
optm.com/ninja-panda/src/grpcv1.go:401.16,406.3 3 0
optm.com/ninja-panda/src/grpcv1.go:408.2,418.74 4 0
optm.com/ninja-panda/src/grpcv1.go:424.41,433.16 5 0
optm.com/ninja-panda/src/grpcv1.go:433.16,445.3 4 0
optm.com/ninja-panda/src/grpcv1.go:447.2,449.16 3 0
optm.com/ninja-panda/src/grpcv1.go:449.16,454.3 3 0
optm.com/ninja-panda/src/grpcv1.go:456.2,466.74 4 0
optm.com/ninja-panda/src/grpcv1.go:472.40,477.16 4 0
optm.com/ninja-panda/src/grpcv1.go:477.16,482.3 3 0
optm.com/ninja-panda/src/grpcv1.go:484.2,485.38 2 0
optm.com/ninja-panda/src/grpcv1.go:485.38,487.3 1 0
optm.com/ninja-panda/src/grpcv1.go:489.2,491.64 2 0
optm.com/ninja-panda/src/grpcv1.go:497.40,516.16 7 0
optm.com/ninja-panda/src/grpcv1.go:516.16,521.43 3 0
optm.com/ninja-panda/src/grpcv1.go:521.43,523.4 1 0
optm.com/ninja-panda/src/grpcv1.go:524.3,524.66 1 0
optm.com/ninja-panda/src/grpcv1.go:527.2,537.24 5 0
optm.com/ninja-panda/src/grpcv1.go:537.24,539.3 1 0
optm.com/ninja-panda/src/grpcv1.go:541.2,541.26 1 0
optm.com/ninja-panda/src/grpcv1.go:547.35,552.16 4 0
optm.com/ninja-panda/src/grpcv1.go:552.16,557.3 3 0
optm.com/ninja-panda/src/grpcv1.go:559.2,563.34 2 0
optm.com/ninja-panda/src/grpcv1.go:563.34,567.3 1 0
optm.com/ninja-panda/src/grpcv1.go:569.2,576.24 4 0
optm.com/ninja-panda/src/grpcv1.go:576.24,578.3 1 0
optm.com/ninja-panda/src/grpcv1.go:580.2,582.26 2 0
optm.com/ninja-panda/src/grpcv1.go:588.32,594.16 5 0
optm.com/ninja-panda/src/grpcv1.go:594.16,599.3 3 0
optm.com/ninja-panda/src/grpcv1.go:601.2,601.40 1 0
optm.com/ninja-panda/src/grpcv1.go:601.40,603.17 2 0
optm.com/ninja-panda/src/grpcv1.go:603.17,610.4 3 0
optm.com/ninja-panda/src/grpcv1.go:613.2,615.16 3 0
optm.com/ninja-panda/src/grpcv1.go:615.16,622.3 3 0
optm.com/ninja-panda/src/grpcv1.go:624.2,640.61 5 0
optm.com/ninja-panda/src/grpcv1.go:643.36,644.37 1 1
optm.com/ninja-panda/src/grpcv1.go:644.37,646.3 1 1
optm.com/ninja-panda/src/grpcv1.go:647.2,647.33 1 1
optm.com/ninja-panda/src/grpcv1.go:647.33,649.3 1 1
optm.com/ninja-panda/src/grpcv1.go:650.2,650.34 1 1
optm.com/ninja-panda/src/grpcv1.go:650.34,652.3 1 1
optm.com/ninja-panda/src/grpcv1.go:654.2,654.12 1 1
optm.com/ninja-panda/src/grpcv1.go:660.38,666.59 5 0
optm.com/ninja-panda/src/grpcv1.go:666.59,671.3 3 0
optm.com/ninja-panda/src/grpcv1.go:673.2,677.16 3 0
optm.com/ninja-panda/src/grpcv1.go:677.16,682.3 3 0
optm.com/ninja-panda/src/grpcv1.go:684.2,694.69 4 0
optm.com/ninja-panda/src/grpcv1.go:700.38,706.16 5 0
optm.com/ninja-panda/src/grpcv1.go:706.16,711.3 3 0
optm.com/ninja-panda/src/grpcv1.go:713.2,734.67 7 0
optm.com/ninja-panda/src/grpcv1.go:740.38,746.16 5 0
optm.com/ninja-panda/src/grpcv1.go:746.16,751.3 3 0
optm.com/ninja-panda/src/grpcv1.go:753.2,758.16 3 0
optm.com/ninja-panda/src/grpcv1.go:758.16,763.3 3 0
optm.com/ninja-panda/src/grpcv1.go:765.2,781.67 5 0
optm.com/ninja-panda/src/grpcv1.go:787.37,790.34 2 0
optm.com/ninja-panda/src/grpcv1.go:790.34,793.17 3 0
optm.com/ninja-panda/src/grpcv1.go:793.17,798.4 3 0
optm.com/ninja-panda/src/grpcv1.go:800.3,801.40 2 0
optm.com/ninja-panda/src/grpcv1.go:801.40,804.28 2 0
optm.com/ninja-panda/src/grpcv1.go:804.28,808.5 1 0
optm.com/ninja-panda/src/grpcv1.go:809.4,815.26 4 0
optm.com/ninja-panda/src/grpcv1.go:815.26,817.5 1 0
optm.com/ninja-panda/src/grpcv1.go:818.4,818.34 1 0
optm.com/ninja-panda/src/grpcv1.go:821.3,823.59 2 0
optm.com/ninja-panda/src/grpcv1.go:826.2,828.16 3 0
optm.com/ninja-panda/src/grpcv1.go:828.16,833.3 3 0
optm.com/ninja-panda/src/grpcv1.go:835.2,836.39 2 0
optm.com/ninja-panda/src/grpcv1.go:836.39,838.16 2 0
optm.com/ninja-panda/src/grpcv1.go:838.16,842.4 1 0
optm.com/ninja-panda/src/grpcv1.go:843.3,857.25 7 0
optm.com/ninja-panda/src/grpcv1.go:857.25,859.4 1 0
optm.com/ninja-panda/src/grpcv1.go:860.3,860.22 1 0
optm.com/ninja-panda/src/grpcv1.go:863.2,865.58 2 0
optm.com/ninja-panda/src/grpcv1.go:871.36,877.16 5 0
optm.com/ninja-panda/src/grpcv1.go:877.16,882.3 3 0
optm.com/ninja-panda/src/grpcv1.go:884.2,886.16 3 0
optm.com/ninja-panda/src/grpcv1.go:886.16,891.3 3 0
optm.com/ninja-panda/src/grpcv1.go:893.2,903.65 4 0
optm.com/ninja-panda/src/grpcv1.go:909.41,926.16 7 0
optm.com/ninja-panda/src/grpcv1.go:926.16,938.43 4 0
optm.com/ninja-panda/src/grpcv1.go:938.43,940.4 1 0
[...]
optm.com/ninja-panda/src/routes.go:343.25,345.3 1 0
optm.com/ninja-panda/src/routes.go:347.2,347.70 1 0
optm.com/ninja-panda/src/routes.go:350.58,352.16 2 0
optm.com/ninja-panda/src/routes.go:352.16,354.3 1 0
optm.com/ninja-panda/src/routes.go:356.2,358.47 3 0
optm.com/ninja-panda/src/routes.go:358.47,360.3 1 0
optm.com/ninja-panda/src/routes.go:362.2,362.41 1 0
optm.com/ninja-panda/src/routes.go:366.56,376.2 3 0
optm.com/ninja-panda/src/routes.go:379.76,390.59 3 0
optm.com/ninja-panda/src/routes.go:390.59,392.3 1 0
optm.com/ninja-panda/src/routes.go:394.2,394.44 1 0
optm.com/ninja-panda/src/routes.go:394.44,396.3 1 0
optm.com/ninja-panda/src/routes.go:398.2,398.20 1 0
optm.com/ninja-panda/src/routes.go:405.75,416.16 3 0
optm.com/ninja-panda/src/routes.go:416.16,418.3 1 0
optm.com/ninja-panda/src/routes.go:420.2,420.20 1 0
optm.com/ninja-panda/src/routes.go:423.64,424.31 1 0
optm.com/ninja-panda/src/routes.go:424.31,425.50 1 0
optm.com/ninja-panda/src/routes.go:425.50,427.4 1 0
optm.com/ninja-panda/src/routes.go:430.2,430.12 1 0
optm.com/ninja-panda/src/routes.go:435.17,440.16 4 0
optm.com/ninja-panda/src/routes.go:440.16,442.3 1 0
optm.com/ninja-panda/src/routes.go:444.2,445.54 2 0
optm.com/ninja-panda/src/routes.go:445.54,447.3 1 0
optm.com/ninja-panda/src/routes.go:449.2,449.41 1 0
optm.com/ninja-panda/src/routes.go:449.41,450.64 1 0
optm.com/ninja-panda/src/routes.go:450.64,451.25 1 0
optm.com/ninja-panda/src/routes.go:451.25,453.66 2 0
optm.com/ninja-panda/src/routes.go:453.66,455.6 1 0
optm.com/ninja-panda/src/routes.go:457.5,457.22 1 0
optm.com/ninja-panda/src/routes.go:457.22,459.6 1 0
optm.com/ninja-panda/src/routes.go:461.4,461.55 1 0
optm.com/ninja-panda/src/routes.go:462.9,462.30 1 0
optm.com/ninja-panda/src/routes.go:462.30,465.65 3 0
optm.com/ninja-panda/src/routes.go:465.65,467.5 1 0
optm.com/ninja-panda/src/routes.go:471.2,471.47 1 0
optm.com/ninja-panda/src/routes.go:471.47,472.14 1 0
optm.com/ninja-panda/src/routes.go:472.14,484.4 2 0
optm.com/ninja-panda/src/routes.go:487.2,487.21 1 0
optm.com/ninja-panda/src/routes.go:490.59,496.59 3 0
optm.com/ninja-panda/src/routes.go:496.59,498.3 1 0
optm.com/ninja-panda/src/routes.go:500.2,501.34 2 0
optm.com/ninja-panda/src/routes.go:501.34,502.26 1 0
optm.com/ninja-panda/src/routes.go:502.26,503.12 1 0
optm.com/ninja-panda/src/routes.go:506.3,506.23 1 0
optm.com/ninja-panda/src/routes.go:506.23,508.74 2 0
optm.com/ninja-panda/src/routes.go:508.74,514.59 3 0
optm.com/ninja-panda/src/routes.go:514.59,518.6 2 0
optm.com/ninja-panda/src/routes.go:520.5,522.13 2 0
optm.com/ninja-panda/src/routes.go:526.3,526.22 1 0
optm.com/ninja-panda/src/routes.go:526.22,528.18 2 0
optm.com/ninja-panda/src/routes.go:528.18,533.13 2 0
optm.com/ninja-panda/src/routes.go:535.4,535.26 1 0
optm.com/ninja-panda/src/routes.go:535.26,536.13 1 0
optm.com/ninja-panda/src/routes.go:540.4,550.61 3 0
optm.com/ninja-panda/src/routes.go:550.61,554.5 2 0
optm.com/ninja-panda/src/routes.go:556.4,557.42 2 0
optm.com/ninja-panda/src/routes.go:557.42,559.19 2 0
optm.com/ninja-panda/src/routes.go:559.19,561.6 1 0
optm.com/ninja-panda/src/routes.go:563.5,563.21 1 0
optm.com/ninja-panda/src/routes.go:563.21,566.11 2 0
optm.com/ninja-panda/src/routes.go:570.4,570.30 1 0
optm.com/ninja-panda/src/routes.go:570.30,571.13 1 0
optm.com/ninja-panda/src/routes.go:574.4,582.58 3 0
optm.com/ninja-panda/src/routes.go:582.58,586.5 2 0
optm.com/ninja-panda/src/routes.go:589.4,590.61 2 0
optm.com/ninja-panda/src/routes.go:590.61,594.5 2 0
optm.com/ninja-panda/src/routes.go:596.4,596.24 1 0
optm.com/ninja-panda/src/routes.go:600.2,600.19 1 0
optm.com/ninja-panda/src/routes.go:600.20,602.3 0 0
optm.com/ninja-panda/src/routes.go:604.2,604.12 1 0
optm.com/ninja-panda/src/routes.go:607.40,610.27 2 0
optm.com/ninja-panda/src/routes.go:610.27,622.29 2 0
optm.com/ninja-panda/src/routes.go:622.29,625.4 2 0
optm.com/ninja-panda/src/routes.go:627.3,627.49 1 0
optm.com/ninja-panda/src/routes.go:630.2,630.20 1 0
optm.com/ninja-panda/src/state_type.go:38.37,39.17 1 0
optm.com/ninja-panda/src/state_type.go:40.24,41.32 1 0
optm.com/ninja-panda/src/state_type.go:41.32,44.5 1 0
optm.com/ninja-panda/src/state_type.go:46.29,47.30 1 0
optm.com/ninja-panda/src/state_type.go:47.30,50.5 1 0
optm.com/ninja-panda/src/state_type.go:52.24,53.24 1 0
optm.com/ninja-panda/src/state_type.go:53.24,54.73 1 0
optm.com/ninja-panda/src/state_type.go:56.23,57.64 1 0
optm.com/ninja-panda/src/state_type.go:57.64,60.5 1 0
optm.com/ninja-panda/src/state_type.go:62.25,63.25 1 0
optm.com/ninja-panda/src/state_type.go:63.25,64.76 1 0
optm.com/ninja-panda/src/state_type.go:68.2,68.13 1 0
optm.com/ninja-panda/src/state_type.go:71.37,72.17 1 0
optm.com/ninja-panda/src/state_type.go:73.24,74.38 1 0
optm.com/ninja-panda/src/state_type.go:75.29,76.36 1 0
optm.com/ninja-panda/src/state_type.go:77.24,78.30 1 0
optm.com/ninja-panda/src/state_type.go:81.2,81.14 1 0
optm.com/ninja-panda/src/storage.go:47.77,48.36 1 0
optm.com/ninja-panda/src/storage.go:48.36,50.3 1 0
optm.com/ninja-panda/src/storage.go:50.8,59.3 1 0
optm.com/ninja-panda/src/storage.go:66.9,74.31 4 0
optm.com/ninja-panda/src/storage.go:74.31,75.19 1 0
optm.com/ninja-panda/src/storage.go:75.19,82.4 1 0
optm.com/ninja-panda/src/storage.go:82.9,89.4 1 0
optm.com/ninja-panda/src/storage.go:90.3,90.17 1 0
optm.com/ninja-panda/src/storage.go:90.17,92.4 1 0
optm.com/ninja-panda/src/storage.go:93.8,95.3 1 0
optm.com/ninja-panda/src/storage.go:97.2,97.16 1 0
optm.com/ninja-panda/src/storage.go:97.16,100.3 2 0
optm.com/ninja-panda/src/storage.go:101.2,102.12 2 0
optm.com/ninja-panda/src/storage.go:107.49,109.31 2 0
optm.com/ninja-panda/src/storage.go:109.31,112.7 2 0
optm.com/ninja-panda/src/storage.go:112.7,116.20 3 0
optm.com/ninja-panda/src/storage.go:116.20,119.5 1 0
optm.com/ninja-panda/src/storage.go:119.10,121.5 1 0
optm.com/ninja-panda/src/storage.go:122.4,122.18 1 0
optm.com/ninja-panda/src/storage.go:122.18,125.5 2 0
optm.com/ninja-panda/src/storage.go:127.4,128.45 2 0
optm.com/ninja-panda/src/storage.go:128.45,131.5 2 0
optm.com/ninja-panda/src/storage.go:132.4,133.19 2 0
optm.com/ninja-panda/src/storage.go:133.19,134.10 1 0
optm.com/ninja-panda/src/storage.go:142.3,142.35 1 0
optm.com/ninja-panda/src/storage.go:143.8,143.39 1 0
optm.com/ninja-panda/src/storage.go:143.39,144.48 1 0
optm.com/ninja-panda/src/storage.go:144.48,146.89 2 0
optm.com/ninja-panda/src/storage.go:146.89,149.5 2 0
optm.com/ninja-panda/src/storage.go:151.3,151.68 1 0
optm.com/ninja-panda/src/storage.go:153.2,153.34 1 0
optm.com/ninja-panda/src/storage.go:159.37,163.31 3 0
optm.com/ninja-panda/src/storage.go:163.31,168.17 3 0
optm.com/ninja-panda/src/storage.go:168.17,172.4 3 0
optm.com/ninja-panda/src/storage.go:173.3,174.17 2 0
optm.com/ninja-panda/src/storage.go:174.17,180.4 2 0
optm.com/ninja-panda/src/storage.go:181.8,181.39 1 0
optm.com/ninja-panda/src/storage.go:181.39,183.10 2 0
optm.com/ninja-panda/src/storage.go:183.10,185.4 1 0
optm.com/ninja-panda/src/storage.go:186.3,186.88 1 0
optm.com/ninja-panda/src/storage.go:186.88,188.4 1 0
optm.com/ninja-panda/src/storage.go:188.9,190.4 1 0
optm.com/ninja-panda/src/storage.go:193.2,193.25 1 0
optm.com/ninja-panda/src/storage.go:196.82,199.31 2 0
optm.com/ninja-panda/src/storage.go:199.31,201.17 2 0
optm.com/ninja-panda/src/storage.go:201.17,203.4 1 0
optm.com/ninja-panda/src/storage.go:204.3,204.19 1 0
optm.com/ninja-panda/src/storage.go:206.8,206.39 1 0
optm.com/ninja-panda/src/storage.go:206.39,208.10 2 0
optm.com/ninja-panda/src/storage.go:208.10,210.4 1 0
optm.com/ninja-panda/src/storage.go:211.3,211.47 1 0
optm.com/ninja-panda/src/storage.go:211.47,213.4 1 0
optm.com/ninja-panda/src/storage.go:213.9,215.4 1 0
optm.com/ninja-panda/src/storage.go:218.2,218.18 1 0
optm.com/ninja-panda/src/storage.go:226.8,229.31 3 0
optm.com/ninja-panda/src/storage.go:229.31,230.19 1 0
optm.com/ninja-panda/src/storage.go:230.19,237.4 1 0
optm.com/ninja-panda/src/storage.go:237.9,244.4 1 0
optm.com/ninja-panda/src/storage.go:245.8,247.3 1 0
optm.com/ninja-panda/src/storage.go:249.2,249.16 1 0
optm.com/ninja-panda/src/storage.go:249.16,252.3 2 0
optm.com/ninja-panda/src/storage.go:253.2,253.13 1 0
optm.com/ninja-panda/src/storage.go:259.49,262.33 2 0
optm.com/ninja-panda/src/storage.go:262.33,264.17 2 0
optm.com/ninja-panda/src/storage.go:264.17,266.4 1 0
optm.com/ninja-panda/src/storage.go:268.3,270.28 3 0
optm.com/ninja-panda/src/storage.go:272.2,272.24 1 0
optm.com/ninja-panda/src/storage.go:278.19,279.18 1 0
optm.com/ninja-panda/src/storage.go:279.18,281.3 1 0
optm.com/ninja-panda/src/storage.go:281.8,283.3 1 0
optm.com/ninja-panda/src/swagger.go:18.3,52.70 3 0
optm.com/ninja-panda/src/swagger.go:52.70,61.17 5 0
optm.com/ninja-panda/src/swagger.go:61.17,66.4 1 0
optm.com/ninja-panda/src/swagger.go:68.3,68.9 1 0
optm.com/ninja-panda/src/swagger.go:71.2,74.16 4 0
optm.com/ninja-panda/src/swagger.go:74.16,79.3 1 0
optm.com/ninja-panda/src/swagger.go:85.3,88.51 3 0
optm.com/ninja-panda/src/swagger.go:88.51,93.3 1 0
optm.com/ninja-panda/src/unary_interceptor.go:13.62,15.2 1 0
optm.com/ninja-panda/src/unary_interceptor.go:19.31,24.25 1 0
optm.com/ninja-panda/src/unary_interceptor.go:24.25,28.28 3 0
optm.com/ninja-panda/src/unary_interceptor.go:28.28,29.18 1 0
optm.com/ninja-panda/src/unary_interceptor.go:29.18,34.5 4 0
optm.com/ninja-panda/src/unary_interceptor.go:34.10,34.35 1 0
optm.com/ninja-panda/src/unary_interceptor.go:34.35,39.5 4 0
optm.com/ninja-panda/src/unary_interceptor.go:42.3,42.19 1 0
optm.com/ninja-panda/src/unary_utils.go:49.3,56.2 6 0
optm.com/ninja-panda/src/unary_utils.go:58.55,59.18 1 0
optm.com/ninja-panda/src/unary_utils.go:59.18,61.3 1 0
optm.com/ninja-panda/src/unary_utils.go:64.55,65.16 1 0
optm.com/ninja-panda/src/unary_utils.go:65.16,67.3 1 0
optm.com/ninja-panda/src/unary_utils.go:70.54,71.15 1 0
optm.com/ninja-panda/src/unary_utils.go:71.15,73.3 1 0
optm.com/ninja-panda/src/unary_utils.go:76.54,77.17 1 0
optm.com/ninja-panda/src/unary_utils.go:77.17,79.3 1 0
optm.com/ninja-panda/src/unary_utils.go:82.56,83.11 1 0
optm.com/ninja-panda/src/unary_utils.go:83.11,84.41 1 0
optm.com/ninja-panda/src/unary_utils.go:84.41,86.4 1 0
optm.com/ninja-panda/src/unary_utils.go:90.52,91.12 1 0
optm.com/ninja-panda/src/unary_utils.go:91.12,92.37 1 0
optm.com/ninja-panda/src/unary_utils.go:92.37,94.4 1 0
optm.com/ninja-panda/src/unary_utils.go:98.54,99.13 1 0
optm.com/ninja-panda/src/unary_utils.go:99.13,100.38 1 0
optm.com/ninja-panda/src/unary_utils.go:100.38,102.4 1 0
optm.com/ninja-panda/src/unary_utils.go:106.46,107.37 1 0
optm.com/ninja-panda/src/unary_utils.go:107.37,109.72 2 0
optm.com/ninja-panda/src/unary_utils.go:109.72,111.4 1 0
optm.com/ninja-panda/src/unary_utils.go:113.2,113.12 1 0
optm.com/ninja-panda/src/unary_utils.go:116.65,117.53 1 0
optm.com/ninja-panda/src/unary_utils.go:117.53,118.18 1 0
optm.com/ninja-panda/src/unary_utils.go:118.18,121.4 2 0
optm.com/ninja-panda/src/unary_utils.go:121.9,121.26 1 0
optm.com/ninja-panda/src/unary_utils.go:121.26,123.4 1 0
optm.com/ninja-panda/src/unary_utils.go:127.50,129.21 2 0
optm.com/ninja-panda/src/unary_utils.go:129.21,131.3 1 0
optm.com/ninja-panda/src/unary_utils.go:133.2,133.13 1 0
optm.com/ninja-panda/src/unary_utils.go:136.59,137.60 1 0
optm.com/ninja-panda/src/unary_utils.go:137.60,139.3 1 0
optm.com/ninja-panda/src/unary_utils.go:142.55,149.2 2 0
optm.com/ninja-panda/src/user_profile.go:44.25,47.91 2 0
optm.com/ninja-panda/src/user_profile.go:47.91,49.3 1 0
optm.com/ninja-panda/src/user_profile.go:51.2,57.26 2 0
optm.com/ninja-panda/src/user_profile.go:62.25,65.69 2 0
optm.com/ninja-panda/src/user_profile.go:65.69,67.3 1 0
optm.com/ninja-panda/src/user_profile.go:69.2,75.26 2 0
optm.com/ninja-panda/src/user_profile.go:80.9,85.2 2 1
optm.com/ninja-panda/src/user_profile.go:91.25,103.39 5 0
optm.com/ninja-panda/src/user_profile.go:103.39,104.24 1 0
optm.com/ninja-panda/src/user_profile.go:104.24,116.4 2 0
optm.com/ninja-panda/src/user_profile.go:118.3,118.18 1 0
optm.com/ninja-panda/src/user_profile.go:121.2,127.26 2 0
optm.com/ninja-panda/src/user_profile.go:132.25,138.55 2 0
optm.com/ninja-panda/src/user_profile.go:138.55,143.3 1 0
optm.com/ninja-panda/src/user_profile.go:145.2,145.25 1 0
optm.com/ninja-panda/src/user_profile.go:148.56,157.2 2 0
optm.com/ninja-panda/src/user_profile.go:161.27,163.35 2 0
optm.com/ninja-panda/src/user_profile.go:163.35,164.54 1 0
optm.com/ninja-panda/src/user_profile.go:164.54,166.26 2 0
optm.com/ninja-panda/src/user_profile.go:166.26,174.5 1 0
optm.com/ninja-panda/src/user_profile.go:178.2,178.23 1 0
optm.com/ninja-panda/src/user_profile.go:184.23,189.24 3 0
optm.com/ninja-panda/src/user_profile.go:189.24,197.3 1 0
optm.com/ninja-panda/src/user_profile.go:199.2,199.29 1 0
optm.com/ninja-panda/src/user_profile.go:199.29,201.25 2 0
optm.com/ninja-panda/src/user_profile.go:201.25,209.4 1 0
optm.com/ninja-panda/src/user_profile.go:212.2,213.37 2 0
optm.com/ninja-panda/src/user_profile.go:213.37,215.3 1 0
optm.com/ninja-panda/src/user_profile.go:217.2,217.17 1 0
optm.com/ninja-panda/src/utils.go:81.71,83.2 1 1
optm.com/ninja-panda/src/utils.go:85.62,87.2 1 1
optm.com/ninja-panda/src/utils.go:89.71,91.2 1 0
optm.com/ninja-panda/src/utils.go:93.61,94.60 1 0
optm.com/ninja-panda/src/utils.go:94.60,96.3 1 0
optm.com/ninja-panda/src/utils.go:98.2,98.19 1 0
optm.com/ninja-panda/src/utils.go:101.55,102.54 1 0
optm.com/ninja-panda/src/utils.go:102.54,104.3 1 0
optm.com/ninja-panda/src/utils.go:106.2,106.16 1 0
optm.com/ninja-panda/src/utils.go:109.61,110.60 1 1
optm.com/ninja-panda/src/utils.go:110.60,112.3 1 0
optm.com/ninja-panda/src/utils.go:114.2,114.19 1 1
optm.com/ninja-panda/src/utils.go:117.55,118.54 1 0
optm.com/ninja-panda/src/utils.go:118.54,120.3 1 0
optm.com/ninja-panda/src/utils.go:122.2,122.19 1 0
optm.com/ninja-panda/src/utils.go:128.31,128.51 1 1
optm.com/ninja-panda/src/utils.go:135.9,137.9 2 0
optm.com/ninja-panda/src/utils.go:137.9,139.3 1 0
optm.com/ninja-panda/src/utils.go:141.2,141.58 1 0
optm.com/ninja-panda/src/utils.go:141.58,143.3 1 0
optm.com/ninja-panda/src/utils.go:145.2,145.12 1 0
optm.com/ninja-panda/src/utils.go:148.67,152.38 4 1
optm.com/ninja-panda/src/utils.go:152.38,155.17 3 1
optm.com/ninja-panda/src/utils.go:155.17,157.4 1 0
optm.com/ninja-panda/src/utils.go:158.3,158.25 1 1
optm.com/ninja-panda/src/utils.go:161.2,161.17 1 1
optm.com/ninja-panda/src/utils.go:164.69,171.2 5 1
optm.com/ninja-panda/src/utils.go:173.82,175.16 2 1
optm.com/ninja-panda/src/utils.go:175.16,177.3 1 0
optm.com/ninja-panda/src/utils.go:179.2,184.6 3 1
optm.com/ninja-panda/src/utils.go:184.6,185.29 1 1
optm.com/ninja-panda/src/utils.go:185.29,187.4 1 0
optm.com/ninja-panda/src/utils.go:189.3,189.10 1 1
optm.com/ninja-panda/src/utils.go:190.50,191.15 1 0
optm.com/ninja-panda/src/utils.go:192.29,193.15 1 0
optm.com/ninja-panda/src/utils.go:194.46,197.12 2 0
optm.com/ninja-panda/src/utils.go:199.11,200.19 1 1
optm.com/ninja-panda/src/utils.go:205.59,213.40 4 1
optm.com/ninja-panda/src/utils.go:213.40,216.17 3 1
optm.com/ninja-panda/src/utils.go:216.17,221.4 1 0
optm.com/ninja-panda/src/utils.go:223.3,223.39 1 1
optm.com/ninja-panda/src/utils.go:223.39,225.4 1 1
optm.com/ninja-panda/src/utils.go:228.2,229.16 2 1
optm.com/ninja-panda/src/utils.go:229.16,234.3 1 0
optm.com/ninja-panda/src/utils.go:236.2,236.19 1 1
optm.com/ninja-panda/src/utils.go:239.75,243.2 2 0
optm.com/ninja-panda/src/utils.go:245.66,248.41 2 0
optm.com/ninja-panda/src/utils.go:248.41,250.17 2 0
optm.com/ninja-panda/src/utils.go:250.17,252.4 1 0
optm.com/ninja-panda/src/utils.go:254.3,254.25 1 0
optm.com/ninja-panda/src/utils.go:257.2,257.20 1 0
optm.com/ninja-panda/src/utils.go:260.46,261.23 1 1
optm.com/ninja-panda/src/utils.go:261.23,262.13 1 1
optm.com/ninja-panda/src/utils.go:262.13,264.4 1 1
optm.com/ninja-panda/src/utils.go:267.2,267.14 1 1
optm.com/ninja-panda/src/utils.go:270.58,271.23 1 1
optm.com/ninja-panda/src/utils.go:271.23,272.30 1 1
optm.com/ninja-panda/src/utils.go:272.30,274.4 1 1
optm.com/ninja-panda/src/utils.go:277.2,277.14 1 1
optm.com/ninja-panda/src/utils.go:284.49,288.44 2 1
optm.com/ninja-panda/src/utils.go:288.44,290.3 1 0
optm.com/ninja-panda/src/utils.go:292.2,292.19 1 1
optm.com/ninja-panda/src/utils.go:300.57,304.2 2 1
optm.com/ninja-panda/src/utils.go:311.60,314.22 3 1
optm.com/ninja-panda/src/utils.go:314.22,316.17 2 1
optm.com/ninja-panda/src/utils.go:316.17,318.4 1 0
optm.com/ninja-panda/src/utils.go:319.3,321.4 1 1
optm.com/ninja-panda/src/utils.go:324.2,324.24 1 1
optm.com/ninja-panda/src/utils.go:327.55,328.26 1 0
optm.com/ninja-panda/src/utils.go:328.26,329.15 1 0
optm.com/ninja-panda/src/utils.go:329.15,331.4 1 0
optm.com/ninja-panda/src/utils.go:334.2,334.14 1 0
optm.com/ninja-panda/src/utils.go:337.53,340.72 1 0
optm.com/ninja-panda/src/utils.go:340.72,342.16 2 0
optm.com/ninja-panda/src/utils.go:342.16,344.4 1 0
optm.com/ninja-panda/src/utils.go:347.2,347.13 1 0
optm.com/ninja-panda/src/utils.go:350.42,354.16 3 0
optm.com/ninja-panda/src/utils.go:354.16,355.41 1 0
optm.com/ninja-panda/src/utils.go:355.41,357.4 1 0
optm.com/ninja-panda/src/utils.go:360.2,360.27 1 0
optm.com/ninja-panda/src/utils.go:363.38,364.14 1 0
optm.com/ninja-panda/src/utils.go:364.14,366.3 1 0
optm.com/ninja-panda/src/utils.go:368.2,368.29 1 0
optm.com/ninja-panda/src/utils.go:371.51,372.18 1 0
optm.com/ninja-panda/src/utils.go:372.18,374.17 2 0
optm.com/ninja-panda/src/utils.go:374.17,376.4 1 0
optm.com/ninja-panda/src/utils.go:379.2,379.37 1 0
optm.com/ninja-panda/src/utils.go:382.36,384.29 2 0
optm.com/ninja-panda/src/utils.go:384.29,390.3 1 0
optm.com/ninja-panda/src/utils.go:393.50,395.26 2 0
optm.com/ninja-panda/src/utils.go:395.26,396.11 1 0
optm.com/ninja-panda/src/utils.go:396.11,398.4 1 0
optm.com/ninja-panda/src/utils.go:400.2,400.12 1 0
optm.com/ninja-panda/src/utils.go:403.64,404.46 1 0
optm.com/ninja-panda/src/utils.go:404.46,406.3 1 0
optm.com/ninja-panda/src/utils.go:408.2,410.41 2 0
optm.com/ninja-panda/src/utils.go:410.41,412.3 1 0
optm.com/ninja-panda/src/utils.go:414.2,414.20 1 0
optm.com/ninja-panda/src/utils.go:414.20,416.33 2 0
optm.com/ninja-panda/src/utils.go:416.33,418.4 1 0
optm.com/ninja-panda/src/utils.go:421.2,421.15 1 0
optm.com/ninja-panda/src/utils.go:424.55,425.16 1 0
optm.com/ninja-panda/src/utils.go:425.16,427.3 1 0
optm.com/ninja-panda/src/utils.go:428.2,428.58 1 0
optm.com/ninja-panda/src/utils.go:428.58,430.3 1 0
optm.com/ninja-panda/src/utils.go:431.2,431.43 1 0
optm.com/ninja-panda/src/utils.go:431.43,433.3 1 0
optm.com/ninja-panda/src/utils.go:435.2,435.78 1 0
optm.com/ninja-panda/src/utils.go:435.78,437.3 1 0
optm.com/ninja-panda/src/utils.go:439.2,439.12 1 0
optm.com/ninja-panda/src/utils.go:451.63,453.16 2 0
optm.com/ninja-panda/src/utils.go:453.16,458.3 3 0
optm.com/ninja-panda/src/utils.go:459.2,459.32 1 0
optm.com/ninja-panda/src/utils.go:459.32,461.17 2 0
optm.com/ninja-panda/src/utils.go:461.17,463.4 1 0
optm.com/ninja-panda/src/utils.go:464.3,464.26 1 0
optm.com/ninja-panda/src/utils.go:464.26,466.4 1 0
optm.com/ninja-panda/src/utils.go:468.3,470.23 2 0
optm.com/ninja-panda/src/utils.go:472.2,472.34 1 0
optm.com/ninja-panda/src/utils.go:472.34,476.17 3 0
optm.com/ninja-panda/src/utils.go:476.17,478.4 1 0
optm.com/ninja-panda/src/utils.go:480.3,481.17 2 0
optm.com/ninja-panda/src/utils.go:481.17,483.4 1 0
optm.com/ninja-panda/src/utils.go:485.3,486.19 2 0
optm.com/ninja-panda/src/utils.go:486.19,488.4 1 0
optm.com/ninja-panda/src/utils.go:490.3,490.39 1 0
optm.com/ninja-panda/src/utils.go:490.39,492.4 1 0
optm.com/ninja-panda/src/utils.go:494.3,494.23 1 0
optm.com/ninja-panda/src/utils.go:496.2,497.16 2 0
optm.com/ninja-panda/src/utils.go:497.16,499.3 1 0
optm.com/ninja-panda/src/utils.go:500.2,501.17 2 0
optm.com/ninja-panda/src/utils.go:501.17,502.38 1 0
optm.com/ninja-panda/src/utils.go:502.38,504.4 1 0
optm.com/ninja-panda/src/utils.go:505.3,505.23 1 0
optm.com/ninja-panda/src/utils.go:508.2,510.22 2 0
